[3.284s] Invoking command in '/home/ssafy/magician_ros2_control_system_ws/src/dobot_visualization_tools': PYTHONPATH=/home/ssafy/magician_ros2_control_system_ws/build/dobot_visualization_tools/prefix_override:/usr/lib/python3/dist-packages/colcon_core/task/python/colcon_distutils_commands:/home/ssafy/magician_ros2_control_system_ws/install/dobot_visualization_tools/lib/python3.10/site-packages:${PYTHONPATH} /usr/bin/python3 -W ignore:setup.py install is deprecated -W ignore:easy_install command is deprecated setup.py egg_info --egg-base ../../build/dobot_visualization_tools build --build-base /home/ssafy/magician_ros2_control_system_ws/build/dobot_visualization_tools/build install --record /home/ssafy/magician_ros2_control_system_ws/build/dobot_visualization_tools/install.log --single-version-externally-managed install_data
[3.678s] running egg_info
[3.679s] writing ../../build/dobot_visualization_tools/dobot_visualization_tools.egg-info/PKG-INFO
[3.679s] writing dependency_links to ../../build/dobot_visualization_tools/dobot_visualization_tools.egg-info/dependency_links.txt
[3.680s] writing entry points to ../../build/dobot_visualization_tools/dobot_visualization_tools.egg-info/entry_points.txt
[3.680s] writing requirements to ../../build/dobot_visualization_tools/dobot_visualization_tools.egg-info/requires.txt
[3.680s] writing top-level names to ../../build/dobot_visualization_tools/dobot_visualization_tools.egg-info/top_level.txt
[3.682s] reading manifest file '../../build/dobot_visualization_tools/dobot_visualization_tools.egg-info/SOURCES.txt'
[3.683s] writing manifest file '../../build/dobot_visualization_tools/dobot_visualization_tools.egg-info/SOURCES.txt'
[3.685s] running build
[3.685s] running build_py
[3.685s] running install
[3.685s] running install_lib
[3.686s] running install_data
[3.686s] running install_egg_info
[3.687s] removing '/home/ssafy/magician_ros2_control_system_ws/install/dobot_visualization_tools/lib/python3.10/site-packages/dobot_visualization_tools-1.0.0-py3.10.egg-info' (and everything under it)
[3.689s] Copying ../../build/dobot_visualization_tools/dobot_visualization_tools.egg-info to /home/ssafy/magician_ros2_control_system_ws/install/dobot_visualization_tools/lib/python3.10/site-packages/dobot_visualization_tools-1.0.0-py3.10.egg-info
[3.689s] running install_scripts
[3.713s] Installing int_marker script to /home/ssafy/magician_ros2_control_system_ws/install/dobot_visualization_tools/lib/dobot_visualization_tools
[3.713s] Installing show_camera_FOV script to /home/ssafy/magician_ros2_control_system_ws/install/dobot_visualization_tools/lib/dobot_visualization_tools
[3.713s] Installing show_dobot_range script to /home/ssafy/magician_ros2_control_system_ws/install/dobot_visualization_tools/lib/dobot_visualization_tools
[3.713s] Installing show_trajectory script to /home/ssafy/magician_ros2_control_system_ws/install/dobot_visualization_tools/lib/dobot_visualization_tools
[3.714s] writing list of installed files to '/home/ssafy/magician_ros2_control_system_ws/build/dobot_visualization_tools/install.log'
[3.758s] Invoked command in '/home/ssafy/magician_ros2_control_system_ws/src/dobot_visualization_tools' returned '0': PYTHONPATH=/home/ssafy/magician_ros2_control_system_ws/build/dobot_visualization_tools/prefix_override:/usr/lib/python3/dist-packages/colcon_core/task/python/colcon_distutils_commands:/home/ssafy/magician_ros2_control_system_ws/install/dobot_visualization_tools/lib/python3.10/site-packages:${PYTHONPATH} /usr/bin/python3 -W ignore:setup.py install is deprecated -W ignore:easy_install command is deprecated setup.py egg_info --egg-base ../../build/dobot_visualization_tools build --build-base /home/ssafy/magician_ros2_control_system_ws/build/dobot_visualization_tools/build install --record /home/ssafy/magician_ros2_control_system_ws/build/dobot_visualization_tools/install.log --single-version-externally-managed install_data
