[1.626s] Invoking command in '/home/ssafy/magician_ros2_control_system_ws/src/dobot_state_updater': PYTHONPATH=/home/ssafy/magician_ros2_control_system_ws/build/dobot_state_updater/prefix_override:/usr/lib/python3/dist-packages/colcon_core/task/python/colcon_distutils_commands:/home/ssafy/magician_ros2_control_system_ws/install/dobot_state_updater/lib/python3.10/site-packages:${PYTHONPATH} /usr/bin/python3 -W ignore:setup.py install is deprecated -W ignore:easy_install command is deprecated setup.py egg_info --egg-base ../../build/dobot_state_updater build --build-base /home/ssafy/magician_ros2_control_system_ws/build/dobot_state_updater/build install --record /home/ssafy/magician_ros2_control_system_ws/build/dobot_state_updater/install.log --single-version-externally-managed install_data
[1.815s] running egg_info
[1.816s] writing ../../build/dobot_state_updater/dobot_state_updater.egg-info/PKG-INFO
[1.817s] writing dependency_links to ../../build/dobot_state_updater/dobot_state_updater.egg-info/dependency_links.txt
[1.817s] writing entry points to ../../build/dobot_state_updater/dobot_state_updater.egg-info/entry_points.txt
[1.817s] writing requirements to ../../build/dobot_state_updater/dobot_state_updater.egg-info/requires.txt
[1.817s] writing top-level names to ../../build/dobot_state_updater/dobot_state_updater.egg-info/top_level.txt
[1.819s] reading manifest file '../../build/dobot_state_updater/dobot_state_updater.egg-info/SOURCES.txt'
[1.820s] writing manifest file '../../build/dobot_state_updater/dobot_state_updater.egg-info/SOURCES.txt'
[1.821s] running build
[1.821s] running build_py
[1.821s] running install
[1.822s] running install_lib
[1.823s] running install_data
[1.823s] running install_egg_info
[1.826s] removing '/home/ssafy/magician_ros2_control_system_ws/install/dobot_state_updater/lib/python3.10/site-packages/dobot_state_updater-1.0.0-py3.10.egg-info' (and everything under it)
[1.826s] Copying ../../build/dobot_state_updater/dobot_state_updater.egg-info to /home/ssafy/magician_ros2_control_system_ws/install/dobot_state_updater/lib/python3.10/site-packages/dobot_state_updater-1.0.0-py3.10.egg-info
[1.827s] running install_scripts
[1.848s] Installing state_publisher script to /home/ssafy/magician_ros2_control_system_ws/install/dobot_state_updater/lib/dobot_state_updater
[1.848s] writing list of installed files to '/home/ssafy/magician_ros2_control_system_ws/build/dobot_state_updater/install.log'
[1.874s] Invoked command in '/home/ssafy/magician_ros2_control_system_ws/src/dobot_state_updater' returned '0': PYTHONPATH=/home/ssafy/magician_ros2_control_system_ws/build/dobot_state_updater/prefix_override:/usr/lib/python3/dist-packages/colcon_core/task/python/colcon_distutils_commands:/home/ssafy/magician_ros2_control_system_ws/install/dobot_state_updater/lib/python3.10/site-packages:${PYTHONPATH} /usr/bin/python3 -W ignore:setup.py install is deprecated -W ignore:easy_install command is deprecated setup.py egg_info --egg-base ../../build/dobot_state_updater build --build-base /home/ssafy/magician_ros2_control_system_ws/build/dobot_state_updater/build install --record /home/ssafy/magician_ros2_control_system_ws/build/dobot_state_updater/install.log --single-version-externally-managed install_data
