[2.074s] Invoking command in '/home/ssafy/magician_ros2_control_system_ws/src/dobot_bringup': PYTHONPATH=/home/ssafy/magician_ros2_control_system_ws/build/dobot_bringup/prefix_override:/usr/lib/python3/dist-packages/colcon_core/task/python/colcon_distutils_commands:/home/ssafy/magician_ros2_control_system_ws/install/dobot_bringup/lib/python3.10/site-packages:${PYTHONPATH} /usr/bin/python3 -W ignore:setup.py install is deprecated -W ignore:easy_install command is deprecated setup.py egg_info --egg-base ../../build/dobot_bringup build --build-base /home/ssafy/magician_ros2_control_system_ws/build/dobot_bringup/build install --record /home/ssafy/magician_ros2_control_system_ws/build/dobot_bringup/install.log --single-version-externally-managed install_data
[2.371s] running egg_info
[2.373s] writing ../../build/dobot_bringup/dobot_bringup.egg-info/PKG-INFO
[2.373s] writing dependency_links to ../../build/dobot_bringup/dobot_bringup.egg-info/dependency_links.txt
[2.373s] writing entry points to ../../build/dobot_bringup/dobot_bringup.egg-info/entry_points.txt
[2.373s] writing requirements to ../../build/dobot_bringup/dobot_bringup.egg-info/requires.txt
[2.373s] writing top-level names to ../../build/dobot_bringup/dobot_bringup.egg-info/top_level.txt
[2.373s] reading manifest file '../../build/dobot_bringup/dobot_bringup.egg-info/SOURCES.txt'
[2.373s] writing manifest file '../../build/dobot_bringup/dobot_bringup.egg-info/SOURCES.txt'
[2.373s] running build
[2.373s] running build_py
[2.373s] running install
[2.373s] running install_lib
[2.373s] running install_data
[2.374s] running install_egg_info
[2.375s] removing '/home/ssafy/magician_ros2_control_system_ws/install/dobot_bringup/lib/python3.10/site-packages/dobot_bringup-1.0.0-py3.10.egg-info' (and everything under it)
[2.375s] Copying ../../build/dobot_bringup/dobot_bringup.egg-info to /home/ssafy/magician_ros2_control_system_ws/install/dobot_bringup/lib/python3.10/site-packages/dobot_bringup-1.0.0-py3.10.egg-info
[2.375s] running install_scripts
[2.389s] Installing set_tool_null script to /home/ssafy/magician_ros2_control_system_ws/install/dobot_bringup/lib/dobot_bringup
[2.389s] writing list of installed files to '/home/ssafy/magician_ros2_control_system_ws/build/dobot_bringup/install.log'
[2.407s] Invoked command in '/home/ssafy/magician_ros2_control_system_ws/src/dobot_bringup' returned '0': PYTHONPATH=/home/ssafy/magician_ros2_control_system_ws/build/dobot_bringup/prefix_override:/usr/lib/python3/dist-packages/colcon_core/task/python/colcon_distutils_commands:/home/ssafy/magician_ros2_control_system_ws/install/dobot_bringup/lib/python3.10/site-packages:${PYTHONPATH} /usr/bin/python3 -W ignore:setup.py install is deprecated -W ignore:easy_install command is deprecated setup.py egg_info --egg-base ../../build/dobot_bringup build --build-base /home/ssafy/magician_ros2_control_system_ws/build/dobot_bringup/build install --record /home/ssafy/magician_ros2_control_system_ws/build/dobot_bringup/install.log --single-version-externally-managed install_data
