[0.375s] Invoking command in '/home/ssafy/ml_ws/src/lecture': PYTHONPATH=/home/ssafy/ml_ws/build/lecture/prefix_override:/usr/lib/python3/dist-packages/colcon_core/task/python/colcon_distutils_commands:/home/ssafy/ml_ws/install/lecture/lib/python3.10/site-packages:${PYTHONPATH} /usr/bin/python3 -W ignore:setup.py install is deprecated -W ignore:easy_install command is deprecated setup.py egg_info --egg-base ../../build/lecture build --build-base /home/ssafy/ml_ws/build/lecture/build install --record /home/ssafy/ml_ws/build/lecture/install.log --single-version-externally-managed install_data
[0.524s] running egg_info
[0.524s] writing ../../build/lecture/lecture.egg-info/PKG-INFO
[0.524s] writing dependency_links to ../../build/lecture/lecture.egg-info/dependency_links.txt
[0.524s] writing entry points to ../../build/lecture/lecture.egg-info/entry_points.txt
[0.524s] writing requirements to ../../build/lecture/lecture.egg-info/requires.txt
[0.525s] writing top-level names to ../../build/lecture/lecture.egg-info/top_level.txt
[0.526s] reading manifest file '../../build/lecture/lecture.egg-info/SOURCES.txt'
[0.526s] writing manifest file '../../build/lecture/lecture.egg-info/SOURCES.txt'
[0.526s] running build
[0.526s] running build_py
[0.527s] copying lecture/face_recognizer_node.py -> /home/ssafy/ml_ws/build/lecture/build/lib/lecture
[0.527s] running install
[0.527s] running install_lib
[0.527s] copying /home/ssafy/ml_ws/build/lecture/build/lib/lecture/face_recognizer_node.py -> /home/ssafy/ml_ws/install/lecture/lib/python3.10/site-packages/lecture
[0.528s] byte-compiling /home/ssafy/ml_ws/install/lecture/lib/python3.10/site-packages/lecture/face_recognizer_node.py to face_recognizer_node.cpython-310.pyc
[0.528s] running install_data
[0.528s] running install_egg_info
[0.530s] removing '/home/ssafy/ml_ws/install/lecture/lib/python3.10/site-packages/lecture-0.0.0-py3.10.egg-info' (and everything under it)
[0.530s] Copying ../../build/lecture/lecture.egg-info to /home/ssafy/ml_ws/install/lecture/lib/python3.10/site-packages/lecture-0.0.0-py3.10.egg-info
[0.531s] running install_scripts
[0.545s] Installing face_recognizer_node script to /home/ssafy/ml_ws/install/lecture/lib/lecture
[0.545s] Installing qr_code_detection_node script to /home/ssafy/ml_ws/install/lecture/lib/lecture
[0.545s] Installing subscriber script to /home/ssafy/ml_ws/install/lecture/lib/lecture
[0.545s] writing list of installed files to '/home/ssafy/ml_ws/build/lecture/install.log'
[0.561s] Invoked command in '/home/ssafy/ml_ws/src/lecture' returned '0': PYTHONPATH=/home/ssafy/ml_ws/build/lecture/prefix_override:/usr/lib/python3/dist-packages/colcon_core/task/python/colcon_distutils_commands:/home/ssafy/ml_ws/install/lecture/lib/python3.10/site-packages:${PYTHONPATH} /usr/bin/python3 -W ignore:setup.py install is deprecated -W ignore:easy_install command is deprecated setup.py egg_info --egg-base ../../build/lecture build --build-base /home/ssafy/ml_ws/build/lecture/build install --record /home/ssafy/ml_ws/build/lecture/install.log --single-version-externally-managed install_data
