[0.412s] Invoking command in '/home/ssafy/magician_ros2_control_system_ws/build/dobot_description': CMAKE_PREFIX_PATH=${CMAKE_PREFIX_PATH}:/home/ssafy/magician_ros2_control_system_ws/install/dobot_visualization_tools:/home/ssafy/magician_ros2_control_system_ws/install/dobot_state_updater:/home/ssafy/magician_ros2_control_system_ws/install/dobot_motion:/home/ssafy/magician_ros2_control_system_ws/install/dobot_kinematics:/home/ssafy/magician_ros2_control_system_ws/install/dobot_homing:/home/ssafy/magician_ros2_control_system_ws/install/dobot_end_effector:/home/ssafy/magician_ros2_control_system_ws/install/dobot_diagnostics:/home/ssafy/magician_ros2_control_system_ws/install/dobot_demos:/home/ssafy/magician_ros2_control_system_ws/install/dobot_control_panel:/home/ssafy/magician_ros2_control_system_ws/install/dobot_bringup:/home/ssafy/to_ws/install/lecture:/opt/ros/humble /usr/bin/cmake --build /home/ssafy/magician_ros2_control_system_ws/build/dobot_description -- -j20 -l20
[0.624s] Invoked command in '/home/ssafy/magician_ros2_control_system_ws/build/dobot_description' returned '0': CMAKE_PREFIX_PATH=${CMAKE_PREFIX_PATH}:/home/ssafy/magician_ros2_control_system_ws/install/dobot_visualization_tools:/home/ssafy/magician_ros2_control_system_ws/install/dobot_state_updater:/home/ssafy/magician_ros2_control_system_ws/install/dobot_motion:/home/ssafy/magician_ros2_control_system_ws/install/dobot_kinematics:/home/ssafy/magician_ros2_control_system_ws/install/dobot_homing:/home/ssafy/magician_ros2_control_system_ws/install/dobot_end_effector:/home/ssafy/magician_ros2_control_system_ws/install/dobot_diagnostics:/home/ssafy/magician_ros2_control_system_ws/install/dobot_demos:/home/ssafy/magician_ros2_control_system_ws/install/dobot_control_panel:/home/ssafy/magician_ros2_control_system_ws/install/dobot_bringup:/home/ssafy/to_ws/install/lecture:/opt/ros/humble /usr/bin/cmake --build /home/ssafy/magician_ros2_control_system_ws/build/dobot_description -- -j20 -l20
[0.625s] Invoking command in '/home/ssafy/magician_ros2_control_system_ws/build/dobot_description': CMAKE_PREFIX_PATH=${CMAKE_PREFIX_PATH}:/home/ssafy/magician_ros2_control_system_ws/install/dobot_visualization_tools:/home/ssafy/magician_ros2_control_system_ws/install/dobot_state_updater:/home/ssafy/magician_ros2_control_system_ws/install/dobot_motion:/home/ssafy/magician_ros2_control_system_ws/install/dobot_kinematics:/home/ssafy/magician_ros2_control_system_ws/install/dobot_homing:/home/ssafy/magician_ros2_control_system_ws/install/dobot_end_effector:/home/ssafy/magician_ros2_control_system_ws/install/dobot_diagnostics:/home/ssafy/magician_ros2_control_system_ws/install/dobot_demos:/home/ssafy/magician_ros2_control_system_ws/install/dobot_control_panel:/home/ssafy/magician_ros2_control_system_ws/install/dobot_bringup:/home/ssafy/to_ws/install/lecture:/opt/ros/humble /usr/bin/cmake --install /home/ssafy/magician_ros2_control_system_ws/build/dobot_description
[0.646s] -- Install configuration: ""
[0.646s] -- Up-to-date: /home/ssafy/magician_ros2_control_system_ws/install/dobot_description/share/dobot_description/launch
[0.647s] -- Installing: /home/ssafy/magician_ros2_control_system_ws/install/dobot_description/share/dobot_description/launch/display_with_rs.launch.py
[0.650s] -- Up-to-date: /home/ssafy/magician_ros2_control_system_ws/install/dobot_description/share/dobot_description/launch/display.launch.py
[0.652s] -- Up-to-date: /home/ssafy/magician_ros2_control_system_ws/install/dobot_description/share/dobot_description/launch/__pycache__
[0.652s] -- Up-to-date: /home/ssafy/magician_ros2_control_system_ws/install/dobot_description/share/dobot_description/launch/__pycache__/display.launch.cpython-310.pyc
[0.652s] -- Up-to-date: /home/ssafy/magician_ros2_control_system_ws/install/dobot_description/share/dobot_description/meshes
[0.652s] -- Up-to-date: /home/ssafy/magician_ros2_control_system_ws/install/dobot_description/share/dobot_description/meshes/dae
[0.652s] -- Up-to-date: /home/ssafy/magician_ros2_control_system_ws/install/dobot_description/share/dobot_description/meshes/dae/jaw_left_extended.dae
[0.652s] -- Up-to-date: /home/ssafy/magician_ros2_control_system_ws/install/dobot_description/share/dobot_description/meshes/dae/camera.dae
[0.652s] -- Up-to-date: /home/ssafy/magician_ros2_control_system_ws/install/dobot_description/share/dobot_description/meshes/dae/magicianLink2.dae
[0.652s] -- Up-to-date: /home/ssafy/magician_ros2_control_system_ws/install/dobot_description/share/dobot_description/meshes/dae/magicianSuctionCup.dae
[0.653s] -- Up-to-date: /home/ssafy/magician_ros2_control_system_ws/install/dobot_description/share/dobot_description/meshes/dae/suction_cup.dae
[0.653s] -- Up-to-date: /home/ssafy/magician_ros2_control_system_ws/install/dobot_description/share/dobot_description/meshes/dae/magician_pen.dae
[0.653s] -- Up-to-date: /home/ssafy/magician_ros2_control_system_ws/install/dobot_description/share/dobot_description/meshes/dae/gripper_core.dae
[0.653s] -- Up-to-date: /home/ssafy/magician_ros2_control_system_ws/install/dobot_description/share/dobot_description/meshes/dae/magicianLink4.dae
[0.653s] -- Up-to-date: /home/ssafy/magician_ros2_control_system_ws/install/dobot_description/share/dobot_description/meshes/dae/stl
[0.653s] -- Up-to-date: /home/ssafy/magician_ros2_control_system_ws/install/dobot_description/share/dobot_description/meshes/dae/stl/realsense_gripper.stl
[0.653s] -- Up-to-date: /home/ssafy/magician_ros2_control_system_ws/install/dobot_description/share/dobot_description/meshes/dae/stl/dobot_gripper_extender.stl
[0.653s] -- Up-to-date: /home/ssafy/magician_ros2_control_system_ws/install/dobot_description/share/dobot_description/meshes/dae/moving_gripper.dae
[0.653s] -- Up-to-date: /home/ssafy/magician_ros2_control_system_ws/install/dobot_description/share/dobot_description/meshes/dae/magicianLink4_default.dae
[0.653s] -- Up-to-date: /home/ssafy/magician_ros2_control_system_ws/install/dobot_description/share/dobot_description/meshes/dae/IntelRealSenseD435i.dae
[0.653s] -- Up-to-date: /home/ssafy/magician_ros2_control_system_ws/install/dobot_description/share/dobot_description/meshes/dae/magicianLink1.dae
[0.654s] -- Up-to-date: /home/ssafy/magician_ros2_control_system_ws/install/dobot_description/share/dobot_description/meshes/dae/jaw_left.dae
[0.654s] -- Up-to-date: /home/ssafy/magician_ros2_control_system_ws/install/dobot_description/share/dobot_description/meshes/dae/magicianGripper.dae
[0.654s] -- Up-to-date: /home/ssafy/magician_ros2_control_system_ws/install/dobot_description/share/dobot_description/meshes/dae/magicianLink3.dae
[0.654s] -- Up-to-date: /home/ssafy/magician_ros2_control_system_ws/install/dobot_description/share/dobot_description/meshes/dae/jaw_right.dae
[0.654s] -- Up-to-date: /home/ssafy/magician_ros2_control_system_ws/install/dobot_description/share/dobot_description/meshes/dae/jaw_right_extended.dae
[0.654s] -- Up-to-date: /home/ssafy/magician_ros2_control_system_ws/install/dobot_description/share/dobot_description/meshes/dae/magicianBase.dae
[0.654s] -- Up-to-date: /home/ssafy/magician_ros2_control_system_ws/install/dobot_description/share/dobot_description/meshes/collision
[0.654s] -- Up-to-date: /home/ssafy/magician_ros2_control_system_ws/install/dobot_description/share/dobot_description/meshes/collision/urdf_models
[0.654s] -- Up-to-date: /home/ssafy/magician_ros2_control_system_ws/install/dobot_description/share/dobot_description/meshes/collision/urdf_models/3DOF.urdf
[0.654s] -- Up-to-date: /home/ssafy/magician_ros2_control_system_ws/install/dobot_description/share/dobot_description/meshes/collision/urdf_models/suction_cup.urdf
[0.654s] -- Up-to-date: /home/ssafy/magician_ros2_control_system_ws/install/dobot_description/share/dobot_description/meshes/collision/urdf_models/gripper.urdf
[0.654s] -- Up-to-date: /home/ssafy/magician_ros2_control_system_ws/install/dobot_description/share/dobot_description/meshes/collision/urdf_models/sliding_rail_draft.urdf
[0.655s] -- Up-to-date: /home/ssafy/magician_ros2_control_system_ws/install/dobot_description/share/dobot_description/meshes/collision/urdf_models/pen.urdf
[0.655s] -- Up-to-date: /home/ssafy/magician_ros2_control_system_ws/install/dobot_description/share/dobot_description/meshes/collision/urdf_models/extended_gripper.urdf
[0.655s] -- Up-to-date: /home/ssafy/magician_ros2_control_system_ws/install/dobot_description/share/dobot_description/meshes/collision/urdf_models/dobot_with_rail.urdf
[0.655s] -- Up-to-date: /home/ssafy/magician_ros2_control_system_ws/install/dobot_description/share/dobot_description/meshes/collision/additional_elements
[0.655s] -- Up-to-date: /home/ssafy/magician_ros2_control_system_ws/install/dobot_description/share/dobot_description/meshes/collision/additional_elements/sliding_rail.dae
[0.655s] -- Up-to-date: /home/ssafy/magician_ros2_control_system_ws/install/dobot_description/share/dobot_description/meshes/collision/core
[0.655s] -- Up-to-date: /home/ssafy/magician_ros2_control_system_ws/install/dobot_description/share/dobot_description/meshes/collision/core/magicianLink2.dae
[0.655s] -- Up-to-date: /home/ssafy/magician_ros2_control_system_ws/install/dobot_description/share/dobot_description/meshes/collision/core/magicianLink1.dae
[0.655s] -- Up-to-date: /home/ssafy/magician_ros2_control_system_ws/install/dobot_description/share/dobot_description/meshes/collision/core/magicianLink3.dae
[0.655s] -- Up-to-date: /home/ssafy/magician_ros2_control_system_ws/install/dobot_description/share/dobot_description/meshes/collision/core/magicianBase.dae
[0.655s] -- Up-to-date: /home/ssafy/magician_ros2_control_system_ws/install/dobot_description/share/dobot_description/meshes/collision/end_tools
[0.655s] -- Up-to-date: /home/ssafy/magician_ros2_control_system_ws/install/dobot_description/share/dobot_description/meshes/collision/end_tools/extended_gripper_collision_part1.dae
[0.655s] -- Up-to-date: /home/ssafy/magician_ros2_control_system_ws/install/dobot_description/share/dobot_description/meshes/collision/end_tools/gripper_collision_part2.dae
[0.655s] -- Up-to-date: /home/ssafy/magician_ros2_control_system_ws/install/dobot_description/share/dobot_description/meshes/collision/end_tools/gripper_collision_part1.dae
[0.655s] -- Up-to-date: /home/ssafy/magician_ros2_control_system_ws/install/dobot_description/share/dobot_description/meshes/collision/end_tools/suction_cup_collision_part2.dae
[0.656s] -- Up-to-date: /home/ssafy/magician_ros2_control_system_ws/install/dobot_description/share/dobot_description/meshes/collision/end_tools/suction_cup_collision_part1.dae
[0.656s] -- Up-to-date: /home/ssafy/magician_ros2_control_system_ws/install/dobot_description/share/dobot_description/meshes/collision/end_tools/extended_gripper_collision_part2.dae
[0.656s] -- Up-to-date: /home/ssafy/magician_ros2_control_system_ws/install/dobot_description/share/dobot_description/meshes/collision/end_tools/pen_collision_part1.dae
[0.656s] -- Up-to-date: /home/ssafy/magician_ros2_control_system_ws/install/dobot_description/share/dobot_description/meshes/collision/end_tools/link4_collision.dae
[0.656s] -- Up-to-date: /home/ssafy/magician_ros2_control_system_ws/install/dobot_description/share/dobot_description/meshes/collision/end_tools/pen_collision_part2.dae
[0.656s] -- Up-to-date: /home/ssafy/magician_ros2_control_system_ws/install/dobot_description/share/dobot_description/rviz
[0.656s] -- Up-to-date: /home/ssafy/magician_ros2_control_system_ws/install/dobot_description/share/dobot_description/rviz/urdf_full.rviz
[0.656s] -- Up-to-date: /home/ssafy/magician_ros2_control_system_ws/install/dobot_description/share/dobot_description/rviz/urdf.rviz
[0.656s] -- Up-to-date: /home/ssafy/magician_ros2_control_system_ws/install/dobot_description/share/dobot_description/model
[0.656s] -- Up-to-date: /home/ssafy/magician_ros2_control_system_ws/install/dobot_description/share/dobot_description/model/magician_standalone.urdf_with_rs.xacro
[0.656s] -- Up-to-date: /home/ssafy/magician_ros2_control_system_ws/install/dobot_description/share/dobot_description/model/dobot_common.urdf.xacro
[0.656s] -- Up-to-date: /home/ssafy/magician_ros2_control_system_ws/install/dobot_description/share/dobot_description/model/clean_model_no_macros.urdf
[0.656s] -- Up-to-date: /home/ssafy/magician_ros2_control_system_ws/install/dobot_description/share/dobot_description/model/magician_standalone.urdf.xacro
[0.656s] -- Up-to-date: /home/ssafy/magician_ros2_control_system_ws/install/dobot_description/share/dobot_description/model/magician.urdf.xacro
[0.656s] -- Up-to-date: /home/ssafy/magician_ros2_control_system_ws/install/dobot_description/share/ament_index/resource_index/package_run_dependencies/dobot_description
[0.656s] -- Up-to-date: /home/ssafy/magician_ros2_control_system_ws/install/dobot_description/share/ament_index/resource_index/parent_prefix_path/dobot_description
[0.656s] -- Up-to-date: /home/ssafy/magician_ros2_control_system_ws/install/dobot_description/share/dobot_description/environment/ament_prefix_path.sh
[0.656s] -- Up-to-date: /home/ssafy/magician_ros2_control_system_ws/install/dobot_description/share/dobot_description/environment/ament_prefix_path.dsv
[0.656s] -- Up-to-date: /home/ssafy/magician_ros2_control_system_ws/install/dobot_description/share/dobot_description/environment/path.sh
[0.656s] -- Up-to-date: /home/ssafy/magician_ros2_control_system_ws/install/dobot_description/share/dobot_description/environment/path.dsv
[0.656s] -- Up-to-date: /home/ssafy/magician_ros2_control_system_ws/install/dobot_description/share/dobot_description/local_setup.bash
[0.656s] -- Up-to-date: /home/ssafy/magician_ros2_control_system_ws/install/dobot_description/share/dobot_description/local_setup.sh
[0.656s] -- Up-to-date: /home/ssafy/magician_ros2_control_system_ws/install/dobot_description/share/dobot_description/local_setup.zsh
[0.656s] -- Up-to-date: /home/ssafy/magician_ros2_control_system_ws/install/dobot_description/share/dobot_description/local_setup.dsv
[0.656s] -- Installing: /home/ssafy/magician_ros2_control_system_ws/install/dobot_description/share/dobot_description/package.dsv
[0.656s] -- Up-to-date: /home/ssafy/magician_ros2_control_system_ws/install/dobot_description/share/ament_index/resource_index/packages/dobot_description
[0.656s] -- Up-to-date: /home/ssafy/magician_ros2_control_system_ws/install/dobot_description/share/dobot_description/cmake/dobot_descriptionConfig.cmake
[0.656s] -- Up-to-date: /home/ssafy/magician_ros2_control_system_ws/install/dobot_description/share/dobot_description/cmake/dobot_descriptionConfig-version.cmake
[0.656s] -- Up-to-date: /home/ssafy/magician_ros2_control_system_ws/install/dobot_description/share/dobot_description/package.xml
[0.657s] Invoked command in '/home/ssafy/magician_ros2_control_system_ws/build/dobot_description' returned '0': CMAKE_PREFIX_PATH=${CMAKE_PREFIX_PATH}:/home/ssafy/magician_ros2_control_system_ws/install/dobot_visualization_tools:/home/ssafy/magician_ros2_control_system_ws/install/dobot_state_updater:/home/ssafy/magician_ros2_control_system_ws/install/dobot_motion:/home/ssafy/magician_ros2_control_system_ws/install/dobot_kinematics:/home/ssafy/magician_ros2_control_system_ws/install/dobot_homing:/home/ssafy/magician_ros2_control_system_ws/install/dobot_end_effector:/home/ssafy/magician_ros2_control_system_ws/install/dobot_diagnostics:/home/ssafy/magician_ros2_control_system_ws/install/dobot_demos:/home/ssafy/magician_ros2_control_system_ws/install/dobot_control_panel:/home/ssafy/magician_ros2_control_system_ws/install/dobot_bringup:/home/ssafy/to_ws/install/lecture:/opt/ros/humble /usr/bin/cmake --install /home/ssafy/magician_ros2_control_system_ws/build/dobot_description
