[1.796s] Invoking command in '/home/ssafy/magician_ros2_control_system_ws/src/dobot_control_panel': PYTHONPATH=/home/ssafy/magician_ros2_control_system_ws/build/dobot_control_panel/prefix_override:/usr/lib/python3/dist-packages/colcon_core/task/python/colcon_distutils_commands:/home/ssafy/magician_ros2_control_system_ws/install/dobot_control_panel/lib/python3.10/site-packages:${PYTHONPATH} /usr/bin/python3 -W ignore:setup.py install is deprecated -W ignore:easy_install command is deprecated setup.py egg_info --egg-base ../../build/dobot_control_panel build --build-base /home/ssafy/magician_ros2_control_system_ws/build/dobot_control_panel/build install --record /home/ssafy/magician_ros2_control_system_ws/build/dobot_control_panel/install.log --single-version-externally-managed install_data
[2.052s] running egg_info
[2.052s] writing ../../build/dobot_control_panel/dobot_control_panel.egg-info/PKG-INFO
[2.052s] writing dependency_links to ../../build/dobot_control_panel/dobot_control_panel.egg-info/dependency_links.txt
[2.052s] writing entry points to ../../build/dobot_control_panel/dobot_control_panel.egg-info/entry_points.txt
[2.052s] writing requirements to ../../build/dobot_control_panel/dobot_control_panel.egg-info/requires.txt
[2.052s] writing top-level names to ../../build/dobot_control_panel/dobot_control_panel.egg-info/top_level.txt
[2.054s] reading manifest file '../../build/dobot_control_panel/dobot_control_panel.egg-info/SOURCES.txt'
[2.055s] writing manifest file '../../build/dobot_control_panel/dobot_control_panel.egg-info/SOURCES.txt'
[2.055s] running build
[2.055s] running build_py
[2.055s] running install
[2.056s] running install_lib
[2.057s] running install_data
[2.058s] running install_egg_info
[2.060s] removing '/home/ssafy/magician_ros2_control_system_ws/install/dobot_control_panel/lib/python3.10/site-packages/dobot_control_panel-1.0.0-py3.10.egg-info' (and everything under it)
[2.060s] Copying ../../build/dobot_control_panel/dobot_control_panel.egg-info to /home/ssafy/magician_ros2_control_system_ws/install/dobot_control_panel/lib/python3.10/site-packages/dobot_control_panel-1.0.0-py3.10.egg-info
[2.060s] running install_scripts
[2.075s] Installing dobot_control_panel script to /home/ssafy/magician_ros2_control_system_ws/install/dobot_control_panel/lib/dobot_control_panel
[2.075s] writing list of installed files to '/home/ssafy/magician_ros2_control_system_ws/build/dobot_control_panel/install.log'
[2.096s] Invoked command in '/home/ssafy/magician_ros2_control_system_ws/src/dobot_control_panel' returned '0': PYTHONPATH=/home/ssafy/magician_ros2_control_system_ws/build/dobot_control_panel/prefix_override:/usr/lib/python3/dist-packages/colcon_core/task/python/colcon_distutils_commands:/home/ssafy/magician_ros2_control_system_ws/install/dobot_control_panel/lib/python3.10/site-packages:${PYTHONPATH} /usr/bin/python3 -W ignore:setup.py install is deprecated -W ignore:easy_install command is deprecated setup.py egg_info --egg-base ../../build/dobot_control_panel build --build-base /home/ssafy/magician_ros2_control_system_ws/build/dobot_control_panel/build install --record /home/ssafy/magician_ros2_control_system_ws/build/dobot_control_panel/install.log --single-version-externally-managed install_data
