[1.805s] Invoking command in '/home/ssafy/magician_ros2_control_system_ws/src/dobot_visualization_tools': PYTHONPATH=/home/ssafy/magician_ros2_control_system_ws/build/dobot_visualization_tools/prefix_override:/usr/lib/python3/dist-packages/colcon_core/task/python/colcon_distutils_commands:/home/ssafy/magician_ros2_control_system_ws/install/dobot_visualization_tools/lib/python3.10/site-packages:${PYTHONPATH} /usr/bin/python3 -W ignore:setup.py install is deprecated -W ignore:easy_install command is deprecated setup.py egg_info --egg-base ../../build/dobot_visualization_tools build --build-base /home/ssafy/magician_ros2_control_system_ws/build/dobot_visualization_tools/build install --record /home/ssafy/magician_ros2_control_system_ws/build/dobot_visualization_tools/install.log --single-version-externally-managed install_data
[1.957s] running egg_info
[1.957s] writing ../../build/dobot_visualization_tools/dobot_visualization_tools.egg-info/PKG-INFO
[1.957s] writing dependency_links to ../../build/dobot_visualization_tools/dobot_visualization_tools.egg-info/dependency_links.txt
[1.957s] writing entry points to ../../build/dobot_visualization_tools/dobot_visualization_tools.egg-info/entry_points.txt
[1.957s] writing requirements to ../../build/dobot_visualization_tools/dobot_visualization_tools.egg-info/requires.txt
[1.957s] writing top-level names to ../../build/dobot_visualization_tools/dobot_visualization_tools.egg-info/top_level.txt
[1.958s] reading manifest file '../../build/dobot_visualization_tools/dobot_visualization_tools.egg-info/SOURCES.txt'
[1.959s] writing manifest file '../../build/dobot_visualization_tools/dobot_visualization_tools.egg-info/SOURCES.txt'
[1.959s] running build
[1.959s] running build_py
[1.959s] running install
[1.959s] running install_lib
[1.960s] running install_data
[1.960s] running install_egg_info
[1.961s] removing '/home/ssafy/magician_ros2_control_system_ws/install/dobot_visualization_tools/lib/python3.10/site-packages/dobot_visualization_tools-1.0.0-py3.10.egg-info' (and everything under it)
[1.962s] Copying ../../build/dobot_visualization_tools/dobot_visualization_tools.egg-info to /home/ssafy/magician_ros2_control_system_ws/install/dobot_visualization_tools/lib/python3.10/site-packages/dobot_visualization_tools-1.0.0-py3.10.egg-info
[1.962s] running install_scripts
[1.975s] Installing int_marker script to /home/ssafy/magician_ros2_control_system_ws/install/dobot_visualization_tools/lib/dobot_visualization_tools
[1.975s] Installing show_camera_FOV script to /home/ssafy/magician_ros2_control_system_ws/install/dobot_visualization_tools/lib/dobot_visualization_tools
[1.975s] Installing show_dobot_range script to /home/ssafy/magician_ros2_control_system_ws/install/dobot_visualization_tools/lib/dobot_visualization_tools
[1.976s] Installing show_trajectory script to /home/ssafy/magician_ros2_control_system_ws/install/dobot_visualization_tools/lib/dobot_visualization_tools
[1.976s] writing list of installed files to '/home/ssafy/magician_ros2_control_system_ws/build/dobot_visualization_tools/install.log'
[1.993s] Invoked command in '/home/ssafy/magician_ros2_control_system_ws/src/dobot_visualization_tools' returned '0': PYTHONPATH=/home/ssafy/magician_ros2_control_system_ws/build/dobot_visualization_tools/prefix_override:/usr/lib/python3/dist-packages/colcon_core/task/python/colcon_distutils_commands:/home/ssafy/magician_ros2_control_system_ws/install/dobot_visualization_tools/lib/python3.10/site-packages:${PYTHONPATH} /usr/bin/python3 -W ignore:setup.py install is deprecated -W ignore:easy_install command is deprecated setup.py egg_info --egg-base ../../build/dobot_visualization_tools build --build-base /home/ssafy/magician_ros2_control_system_ws/build/dobot_visualization_tools/build install --record /home/ssafy/magician_ros2_control_system_ws/build/dobot_visualization_tools/install.log --single-version-externally-managed install_data
