[0.582s] Invoking command in '/home/ssafy/magician_ros2_control_system_ws/build/dobot_driver': CMAKE_PREFIX_PATH=${CMAKE_PREFIX_PATH}:/home/ssafy/magician_ros2_control_system_ws/install/dobot_visualization_tools:/home/ssafy/magician_ros2_control_system_ws/install/dobot_state_updater:/home/ssafy/magician_ros2_control_system_ws/install/dobot_motion:/home/ssafy/magician_ros2_control_system_ws/install/dobot_kinematics:/home/ssafy/magician_ros2_control_system_ws/install/dobot_homing:/home/ssafy/magician_ros2_control_system_ws/install/dobot_end_effector:/home/ssafy/magician_ros2_control_system_ws/install/dobot_diagnostics:/home/ssafy/magician_ros2_control_system_ws/install/dobot_demos:/home/ssafy/magician_ros2_control_system_ws/install/dobot_control_panel:/home/ssafy/magician_ros2_control_system_ws/install/dobot_bringup:/home/ssafy/to_ws/install/lecture:/opt/ros/humble /usr/bin/cmake --build /home/ssafy/magician_ros2_control_system_ws/build/dobot_driver -- -j20 -l20
[0.626s] Built target ament_cmake_python_copy_dobot_driver
[0.973s] running egg_info
[0.973s] writing dobot_driver.egg-info/PKG-INFO
[0.973s] writing dependency_links to dobot_driver.egg-info/dependency_links.txt
[0.973s] writing top-level names to dobot_driver.egg-info/top_level.txt
[0.973s] reading manifest file 'dobot_driver.egg-info/SOURCES.txt'
[0.984s] writing manifest file 'dobot_driver.egg-info/SOURCES.txt'
[1.001s] Built target ament_cmake_python_build_dobot_driver_egg
[3.275s] Invoked command in '/home/ssafy/magician_ros2_control_system_ws/build/dobot_driver' returned '0': CMAKE_PREFIX_PATH=${CMAKE_PREFIX_PATH}:/home/ssafy/magician_ros2_control_system_ws/install/dobot_visualization_tools:/home/ssafy/magician_ros2_control_system_ws/install/dobot_state_updater:/home/ssafy/magician_ros2_control_system_ws/install/dobot_motion:/home/ssafy/magician_ros2_control_system_ws/install/dobot_kinematics:/home/ssafy/magician_ros2_control_system_ws/install/dobot_homing:/home/ssafy/magician_ros2_control_system_ws/install/dobot_end_effector:/home/ssafy/magician_ros2_control_system_ws/install/dobot_diagnostics:/home/ssafy/magician_ros2_control_system_ws/install/dobot_demos:/home/ssafy/magician_ros2_control_system_ws/install/dobot_control_panel:/home/ssafy/magician_ros2_control_system_ws/install/dobot_bringup:/home/ssafy/to_ws/install/lecture:/opt/ros/humble /usr/bin/cmake --build /home/ssafy/magician_ros2_control_system_ws/build/dobot_driver -- -j20 -l20
[3.279s] Invoking command in '/home/ssafy/magician_ros2_control_system_ws/build/dobot_driver': CMAKE_PREFIX_PATH=${CMAKE_PREFIX_PATH}:/home/ssafy/magician_ros2_control_system_ws/install/dobot_visualization_tools:/home/ssafy/magician_ros2_control_system_ws/install/dobot_state_updater:/home/ssafy/magician_ros2_control_system_ws/install/dobot_motion:/home/ssafy/magician_ros2_control_system_ws/install/dobot_kinematics:/home/ssafy/magician_ros2_control_system_ws/install/dobot_homing:/home/ssafy/magician_ros2_control_system_ws/install/dobot_end_effector:/home/ssafy/magician_ros2_control_system_ws/install/dobot_diagnostics:/home/ssafy/magician_ros2_control_system_ws/install/dobot_demos:/home/ssafy/magician_ros2_control_system_ws/install/dobot_control_panel:/home/ssafy/magician_ros2_control_system_ws/install/dobot_bringup:/home/ssafy/to_ws/install/lecture:/opt/ros/humble /usr/bin/cmake --install /home/ssafy/magician_ros2_control_system_ws/build/dobot_driver
[3.291s] -- Install configuration: ""
[3.291s] -- Up-to-date: /home/ssafy/magician_ros2_control_system_ws/install/dobot_driver/share/dobot_driver/environment/pythonpath.sh
[3.291s] -- Up-to-date: /home/ssafy/magician_ros2_control_system_ws/install/dobot_driver/share/dobot_driver/environment/pythonpath.dsv
[3.291s] -- Up-to-date: /home/ssafy/magician_ros2_control_system_ws/install/dobot_driver/local/lib/python3.10/dist-packages/dobot_driver-1.0.0-py3.10.egg-info
[3.291s] -- Installing: /home/ssafy/magician_ros2_control_system_ws/install/dobot_driver/local/lib/python3.10/dist-packages/dobot_driver-1.0.0-py3.10.egg-info/PKG-INFO
[3.291s] -- Installing: /home/ssafy/magician_ros2_control_system_ws/install/dobot_driver/local/lib/python3.10/dist-packages/dobot_driver-1.0.0-py3.10.egg-info/top_level.txt
[3.291s] -- Installing: /home/ssafy/magician_ros2_control_system_ws/install/dobot_driver/local/lib/python3.10/dist-packages/dobot_driver-1.0.0-py3.10.egg-info/SOURCES.txt
[3.291s] -- Installing: /home/ssafy/magician_ros2_control_system_ws/install/dobot_driver/local/lib/python3.10/dist-packages/dobot_driver-1.0.0-py3.10.egg-info/dependency_links.txt
[3.291s] -- Up-to-date: /home/ssafy/magician_ros2_control_system_ws/install/dobot_driver/local/lib/python3.10/dist-packages/dobot_driver
[3.292s] -- Installing: /home/ssafy/magician_ros2_control_system_ws/install/dobot_driver/local/lib/python3.10/dist-packages/dobot_driver/dobot_handle.py
[3.292s] -- Up-to-date: /home/ssafy/magician_ros2_control_system_ws/install/dobot_driver/local/lib/python3.10/dist-packages/dobot_driver/message.py
[3.292s] -- Up-to-date: /home/ssafy/magician_ros2_control_system_ws/install/dobot_driver/local/lib/python3.10/dist-packages/dobot_driver/parsers.py
[3.292s] -- Up-to-date: /home/ssafy/magician_ros2_control_system_ws/install/dobot_driver/local/lib/python3.10/dist-packages/dobot_driver/__init__.py
[3.293s] -- Up-to-date: /home/ssafy/magician_ros2_control_system_ws/install/dobot_driver/local/lib/python3.10/dist-packages/dobot_driver/interface.py
[3.328s] Listing '/home/ssafy/magician_ros2_control_system_ws/install/dobot_driver/local/lib/python3.10/dist-packages/dobot_driver'...
[3.331s] Compiling '/home/ssafy/magician_ros2_control_system_ws/install/dobot_driver/local/lib/python3.10/dist-packages/dobot_driver/dobot_handle.py'...
[3.333s] -- Up-to-date: /home/ssafy/magician_ros2_control_system_ws/install/dobot_driver/share/ament_index/resource_index/package_run_dependencies/dobot_driver
[3.333s] -- Up-to-date: /home/ssafy/magician_ros2_control_system_ws/install/dobot_driver/share/ament_index/resource_index/parent_prefix_path/dobot_driver
[3.333s] -- Up-to-date: /home/ssafy/magician_ros2_control_system_ws/install/dobot_driver/share/dobot_driver/environment/ament_prefix_path.sh
[3.333s] -- Up-to-date: /home/ssafy/magician_ros2_control_system_ws/install/dobot_driver/share/dobot_driver/environment/ament_prefix_path.dsv
[3.333s] -- Up-to-date: /home/ssafy/magician_ros2_control_system_ws/install/dobot_driver/share/dobot_driver/environment/path.sh
[3.333s] -- Up-to-date: /home/ssafy/magician_ros2_control_system_ws/install/dobot_driver/share/dobot_driver/environment/path.dsv
[3.333s] -- Up-to-date: /home/ssafy/magician_ros2_control_system_ws/install/dobot_driver/share/dobot_driver/local_setup.bash
[3.333s] -- Up-to-date: /home/ssafy/magician_ros2_control_system_ws/install/dobot_driver/share/dobot_driver/local_setup.sh
[3.333s] -- Up-to-date: /home/ssafy/magician_ros2_control_system_ws/install/dobot_driver/share/dobot_driver/local_setup.zsh
[3.334s] -- Up-to-date: /home/ssafy/magician_ros2_control_system_ws/install/dobot_driver/share/dobot_driver/local_setup.dsv
[3.334s] -- Installing: /home/ssafy/magician_ros2_control_system_ws/install/dobot_driver/share/dobot_driver/package.dsv
[3.334s] -- Up-to-date: /home/ssafy/magician_ros2_control_system_ws/install/dobot_driver/share/ament_index/resource_index/packages/dobot_driver
[3.334s] -- Up-to-date: /home/ssafy/magician_ros2_control_system_ws/install/dobot_driver/share/dobot_driver/cmake/dobot_driverConfig.cmake
[3.334s] -- Up-to-date: /home/ssafy/magician_ros2_control_system_ws/install/dobot_driver/share/dobot_driver/cmake/dobot_driverConfig-version.cmake
[3.334s] -- Up-to-date: /home/ssafy/magician_ros2_control_system_ws/install/dobot_driver/share/dobot_driver/package.xml
[3.353s] Invoked command in '/home/ssafy/magician_ros2_control_system_ws/build/dobot_driver' returned '0': CMAKE_PREFIX_PATH=${CMAKE_PREFIX_PATH}:/home/ssafy/magician_ros2_control_system_ws/install/dobot_visualization_tools:/home/ssafy/magician_ros2_control_system_ws/install/dobot_state_updater:/home/ssafy/magician_ros2_control_system_ws/install/dobot_motion:/home/ssafy/magician_ros2_control_system_ws/install/dobot_kinematics:/home/ssafy/magician_ros2_control_system_ws/install/dobot_homing:/home/ssafy/magician_ros2_control_system_ws/install/dobot_end_effector:/home/ssafy/magician_ros2_control_system_ws/install/dobot_diagnostics:/home/ssafy/magician_ros2_control_system_ws/install/dobot_demos:/home/ssafy/magician_ros2_control_system_ws/install/dobot_control_panel:/home/ssafy/magician_ros2_control_system_ws/install/dobot_bringup:/home/ssafy/to_ws/install/lecture:/opt/ros/humble /usr/bin/cmake --install /home/ssafy/magician_ros2_control_system_ws/build/dobot_driver
