[1.395s] Invoking command in '/home/ssafy/magician_ros2_control_system_ws/src/dobot_kinematics': AMENT_PREFIX_PATH=/home/ssafy/magician_ros2_control_system_ws/install/dobot_msgs:${AMENT_PREFIX_PATH} CMAKE_PREFIX_PATH=/home/ssafy/magician_ros2_control_system_ws/install/dobot_msgs:${CMAKE_PREFIX_PATH} LD_LIBRARY_PATH=/home/ssafy/magician_ros2_control_system_ws/install/dobot_msgs/lib:${LD_LIBRARY_PATH} PYTHONPATH=/home/ssafy/magician_ros2_control_system_ws/build/dobot_kinematics/prefix_override:/usr/lib/python3/dist-packages/colcon_core/task/python/colcon_distutils_commands:/home/ssafy/magician_ros2_control_system_ws/install/dobot_kinematics/lib/python3.10/site-packages:/home/ssafy/magician_ros2_control_system_ws/install/dobot_msgs/local/lib/python3.10/dist-packages:${PYTHONPATH} /usr/bin/python3 -W ignore:setup.py install is deprecated -W ignore:easy_install command is deprecated setup.py egg_info --egg-base ../../build/dobot_kinematics build --build-base /home/ssafy/magician_ros2_control_system_ws/build/dobot_kinematics/build install --record /home/ssafy/magician_ros2_control_system_ws/build/dobot_kinematics/install.log --single-version-externally-managed install_data
[1.536s] running egg_info
[1.536s] creating ../../build/dobot_kinematics/dobot_kinematics.egg-info
[1.543s] writing ../../build/dobot_kinematics/dobot_kinematics.egg-info/PKG-INFO
[1.543s] writing dependency_links to ../../build/dobot_kinematics/dobot_kinematics.egg-info/dependency_links.txt
[1.543s] writing entry points to ../../build/dobot_kinematics/dobot_kinematics.egg-info/entry_points.txt
[1.544s] writing requirements to ../../build/dobot_kinematics/dobot_kinematics.egg-info/requires.txt
[1.544s] writing top-level names to ../../build/dobot_kinematics/dobot_kinematics.egg-info/top_level.txt
[1.544s] writing manifest file '../../build/dobot_kinematics/dobot_kinematics.egg-info/SOURCES.txt'
[1.547s] reading manifest file '../../build/dobot_kinematics/dobot_kinematics.egg-info/SOURCES.txt'
[1.548s] writing manifest file '../../build/dobot_kinematics/dobot_kinematics.egg-info/SOURCES.txt'
[1.548s] running build
[1.549s] running build_py
[1.549s] creating /home/ssafy/magician_ros2_control_system_ws/build/dobot_kinematics/build
[1.549s] creating /home/ssafy/magician_ros2_control_system_ws/build/dobot_kinematics/build/lib
[1.549s] creating /home/ssafy/magician_ros2_control_system_ws/build/dobot_kinematics/build/lib/dobot_kinematics
[1.551s] copying dobot_kinematics/dobot_forward_kin.py -> /home/ssafy/magician_ros2_control_system_ws/build/dobot_kinematics/build/lib/dobot_kinematics
[1.551s] copying dobot_kinematics/collision_utils.py -> /home/ssafy/magician_ros2_control_system_ws/build/dobot_kinematics/build/lib/dobot_kinematics
[1.551s] copying dobot_kinematics/dobot_inv_kin.py -> /home/ssafy/magician_ros2_control_system_ws/build/dobot_kinematics/build/lib/dobot_kinematics
[1.552s] copying dobot_kinematics/trajectory_validator_client.py -> /home/ssafy/magician_ros2_control_system_ws/build/dobot_kinematics/build/lib/dobot_kinematics
[1.552s] copying dobot_kinematics/collision_detection_server.py -> /home/ssafy/magician_ros2_control_system_ws/build/dobot_kinematics/build/lib/dobot_kinematics
[1.554s] copying dobot_kinematics/__init__.py -> /home/ssafy/magician_ros2_control_system_ws/build/dobot_kinematics/build/lib/dobot_kinematics
[1.555s] copying dobot_kinematics/trajectory_validator_server.py -> /home/ssafy/magician_ros2_control_system_ws/build/dobot_kinematics/build/lib/dobot_kinematics
[1.555s] running install
[1.555s] running install_lib
[1.555s] creating /home/ssafy/magician_ros2_control_system_ws/install/dobot_kinematics/lib/python3.10/site-packages/dobot_kinematics
[1.555s] copying /home/ssafy/magician_ros2_control_system_ws/build/dobot_kinematics/build/lib/dobot_kinematics/dobot_forward_kin.py -> /home/ssafy/magician_ros2_control_system_ws/install/dobot_kinematics/lib/python3.10/site-packages/dobot_kinematics
[1.555s] copying /home/ssafy/magician_ros2_control_system_ws/build/dobot_kinematics/build/lib/dobot_kinematics/collision_utils.py -> /home/ssafy/magician_ros2_control_system_ws/install/dobot_kinematics/lib/python3.10/site-packages/dobot_kinematics
[1.556s] copying /home/ssafy/magician_ros2_control_system_ws/build/dobot_kinematics/build/lib/dobot_kinematics/dobot_inv_kin.py -> /home/ssafy/magician_ros2_control_system_ws/install/dobot_kinematics/lib/python3.10/site-packages/dobot_kinematics
[1.556s] copying /home/ssafy/magician_ros2_control_system_ws/build/dobot_kinematics/build/lib/dobot_kinematics/trajectory_validator_client.py -> /home/ssafy/magician_ros2_control_system_ws/install/dobot_kinematics/lib/python3.10/site-packages/dobot_kinematics
[1.556s] copying /home/ssafy/magician_ros2_control_system_ws/build/dobot_kinematics/build/lib/dobot_kinematics/collision_detection_server.py -> /home/ssafy/magician_ros2_control_system_ws/install/dobot_kinematics/lib/python3.10/site-packages/dobot_kinematics
[1.556s] copying /home/ssafy/magician_ros2_control_system_ws/build/dobot_kinematics/build/lib/dobot_kinematics/__init__.py -> /home/ssafy/magician_ros2_control_system_ws/install/dobot_kinematics/lib/python3.10/site-packages/dobot_kinematics
[1.558s] copying /home/ssafy/magician_ros2_control_system_ws/build/dobot_kinematics/build/lib/dobot_kinematics/trajectory_validator_server.py -> /home/ssafy/magician_ros2_control_system_ws/install/dobot_kinematics/lib/python3.10/site-packages/dobot_kinematics
[1.559s] byte-compiling /home/ssafy/magician_ros2_control_system_ws/install/dobot_kinematics/lib/python3.10/site-packages/dobot_kinematics/dobot_forward_kin.py to dobot_forward_kin.cpython-310.pyc
[1.560s] byte-compiling /home/ssafy/magician_ros2_control_system_ws/install/dobot_kinematics/lib/python3.10/site-packages/dobot_kinematics/collision_utils.py to collision_utils.cpython-310.pyc
[1.560s] byte-compiling /home/ssafy/magician_ros2_control_system_ws/install/dobot_kinematics/lib/python3.10/site-packages/dobot_kinematics/dobot_inv_kin.py to dobot_inv_kin.cpython-310.pyc
[1.561s] byte-compiling /home/ssafy/magician_ros2_control_system_ws/install/dobot_kinematics/lib/python3.10/site-packages/dobot_kinematics/trajectory_validator_client.py to trajectory_validator_client.cpython-310.pyc
[1.563s] byte-compiling /home/ssafy/magician_ros2_control_system_ws/install/dobot_kinematics/lib/python3.10/site-packages/dobot_kinematics/collision_detection_server.py to collision_detection_server.cpython-310.pyc
[1.565s] byte-compiling /home/ssafy/magician_ros2_control_system_ws/install/dobot_kinematics/lib/python3.10/site-packages/dobot_kinematics/__init__.py to __init__.cpython-310.pyc
[1.565s] byte-compiling /home/ssafy/magician_ros2_control_system_ws/install/dobot_kinematics/lib/python3.10/site-packages/dobot_kinematics/trajectory_validator_server.py to trajectory_validator_server.cpython-310.pyc
[1.566s] running install_data
[1.566s] creating /home/ssafy/magician_ros2_control_system_ws/install/dobot_kinematics/share/ament_index
[1.566s] creating /home/ssafy/magician_ros2_control_system_ws/install/dobot_kinematics/share/ament_index/resource_index
[1.566s] creating /home/ssafy/magician_ros2_control_system_ws/install/dobot_kinematics/share/ament_index/resource_index/packages
[1.566s] copying resource/dobot_kinematics -> /home/ssafy/magician_ros2_control_system_ws/install/dobot_kinematics/share/ament_index/resource_index/packages
[1.566s] copying package.xml -> /home/ssafy/magician_ros2_control_system_ws/install/dobot_kinematics/share/dobot_kinematics
[1.566s] copying launch/dobot_validate_trajectory.launch.py -> /home/ssafy/magician_ros2_control_system_ws/install/dobot_kinematics/share/dobot_kinematics
[1.566s] creating /home/ssafy/magician_ros2_control_system_ws/install/dobot_kinematics/share/dobot_kinematics/config
[1.567s] copying config/axis_limits.yaml -> /home/ssafy/magician_ros2_control_system_ws/install/dobot_kinematics/share/dobot_kinematics/config
[1.567s] running install_egg_info
[1.567s] Copying ../../build/dobot_kinematics/dobot_kinematics.egg-info to /home/ssafy/magician_ros2_control_system_ws/install/dobot_kinematics/lib/python3.10/site-packages/dobot_kinematics-1.0.0-py3.10.egg-info
[1.568s] running install_scripts
[1.586s] Installing trajectory_validator_client script to /home/ssafy/magician_ros2_control_system_ws/install/dobot_kinematics/lib/dobot_kinematics
[1.587s] Installing trajectory_validator_server script to /home/ssafy/magician_ros2_control_system_ws/install/dobot_kinematics/lib/dobot_kinematics
[1.587s] writing list of installed files to '/home/ssafy/magician_ros2_control_system_ws/build/dobot_kinematics/install.log'
[1.612s] Invoked command in '/home/ssafy/magician_ros2_control_system_ws/src/dobot_kinematics' returned '0': AMENT_PREFIX_PATH=/home/ssafy/magician_ros2_control_system_ws/install/dobot_msgs:${AMENT_PREFIX_PATH} CMAKE_PREFIX_PATH=/home/ssafy/magician_ros2_control_system_ws/install/dobot_msgs:${CMAKE_PREFIX_PATH} LD_LIBRARY_PATH=/home/ssafy/magician_ros2_control_system_ws/install/dobot_msgs/lib:${LD_LIBRARY_PATH} PYTHONPATH=/home/ssafy/magician_ros2_control_system_ws/build/dobot_kinematics/prefix_override:/usr/lib/python3/dist-packages/colcon_core/task/python/colcon_distutils_commands:/home/ssafy/magician_ros2_control_system_ws/install/dobot_kinematics/lib/python3.10/site-packages:/home/ssafy/magician_ros2_control_system_ws/install/dobot_msgs/local/lib/python3.10/dist-packages:${PYTHONPATH} /usr/bin/python3 -W ignore:setup.py install is deprecated -W ignore:easy_install command is deprecated setup.py egg_info --egg-base ../../build/dobot_kinematics build --build-base /home/ssafy/magician_ros2_control_system_ws/build/dobot_kinematics/build install --record /home/ssafy/magician_ros2_control_system_ws/build/dobot_kinematics/install.log --single-version-externally-managed install_data
