[1.812s] Invoking command in '/home/ssafy/magician_ros2_control_system_ws/src/dobot_homing': PYTHONPATH=/home/ssafy/magician_ros2_control_system_ws/build/dobot_homing/prefix_override:/usr/lib/python3/dist-packages/colcon_core/task/python/colcon_distutils_commands:/home/ssafy/magician_ros2_control_system_ws/install/dobot_homing/lib/python3.10/site-packages:${PYTHONPATH} /usr/bin/python3 -W ignore:setup.py install is deprecated -W ignore:easy_install command is deprecated setup.py egg_info --egg-base ../../build/dobot_homing build --build-base /home/ssafy/magician_ros2_control_system_ws/build/dobot_homing/build install --record /home/ssafy/magician_ros2_control_system_ws/build/dobot_homing/install.log --single-version-externally-managed install_data
[2.001s] running egg_info
[2.002s] writing ../../build/dobot_homing/dobot_homing.egg-info/PKG-INFO
[2.002s] writing dependency_links to ../../build/dobot_homing/dobot_homing.egg-info/dependency_links.txt
[2.002s] writing entry points to ../../build/dobot_homing/dobot_homing.egg-info/entry_points.txt
[2.002s] writing requirements to ../../build/dobot_homing/dobot_homing.egg-info/requires.txt
[2.002s] writing top-level names to ../../build/dobot_homing/dobot_homing.egg-info/top_level.txt
[2.003s] reading manifest file '../../build/dobot_homing/dobot_homing.egg-info/SOURCES.txt'
[2.003s] writing manifest file '../../build/dobot_homing/dobot_homing.egg-info/SOURCES.txt'
[2.003s] running build
[2.003s] running build_py
[2.003s] running install
[2.004s] running install_lib
[2.004s] running install_data
[2.004s] running install_egg_info
[2.006s] removing '/home/ssafy/magician_ros2_control_system_ws/install/dobot_homing/lib/python3.10/site-packages/dobot_homing-1.0.0-py3.10.egg-info' (and everything under it)
[2.006s] Copying ../../build/dobot_homing/dobot_homing.egg-info to /home/ssafy/magician_ros2_control_system_ws/install/dobot_homing/lib/python3.10/site-packages/dobot_homing-1.0.0-py3.10.egg-info
[2.006s] running install_scripts
[2.019s] Installing homing_server script to /home/ssafy/magician_ros2_control_system_ws/install/dobot_homing/lib/dobot_homing
[2.020s] writing list of installed files to '/home/ssafy/magician_ros2_control_system_ws/build/dobot_homing/install.log'
[2.035s] Invoked command in '/home/ssafy/magician_ros2_control_system_ws/src/dobot_homing' returned '0': PYTHONPATH=/home/ssafy/magician_ros2_control_system_ws/build/dobot_homing/prefix_override:/usr/lib/python3/dist-packages/colcon_core/task/python/colcon_distutils_commands:/home/ssafy/magician_ros2_control_system_ws/install/dobot_homing/lib/python3.10/site-packages:${PYTHONPATH} /usr/bin/python3 -W ignore:setup.py install is deprecated -W ignore:easy_install command is deprecated setup.py egg_info --egg-base ../../build/dobot_homing build --build-base /home/ssafy/magician_ros2_control_system_ws/build/dobot_homing/build install --record /home/ssafy/magician_ros2_control_system_ws/build/dobot_homing/install.log --single-version-externally-managed install_data
