[1.666s] Invoking command in '/home/ssafy/magician_ros2_control_system_ws/src/dobot_motion': PYTHONPATH=/home/ssafy/magician_ros2_control_system_ws/build/dobot_motion/prefix_override:/usr/lib/python3/dist-packages/colcon_core/task/python/colcon_distutils_commands:/home/ssafy/magician_ros2_control_system_ws/install/dobot_motion/lib/python3.10/site-packages:${PYTHONPATH} /usr/bin/python3 -W ignore:setup.py install is deprecated -W ignore:easy_install command is deprecated setup.py egg_info --egg-base ../../build/dobot_motion build --build-base /home/ssafy/magician_ros2_control_system_ws/build/dobot_motion/build install --record /home/ssafy/magician_ros2_control_system_ws/build/dobot_motion/install.log --single-version-externally-managed install_data
[1.856s] running egg_info
[1.857s] writing ../../build/dobot_motion/dobot_motion.egg-info/PKG-INFO
[1.857s] writing dependency_links to ../../build/dobot_motion/dobot_motion.egg-info/dependency_links.txt
[1.857s] writing entry points to ../../build/dobot_motion/dobot_motion.egg-info/entry_points.txt
[1.857s] writing requirements to ../../build/dobot_motion/dobot_motion.egg-info/requires.txt
[1.857s] writing top-level names to ../../build/dobot_motion/dobot_motion.egg-info/top_level.txt
[1.859s] reading manifest file '../../build/dobot_motion/dobot_motion.egg-info/SOURCES.txt'
[1.860s] writing manifest file '../../build/dobot_motion/dobot_motion.egg-info/SOURCES.txt'
[1.860s] running build
[1.860s] running build_py
[1.860s] running install
[1.860s] running install_lib
[1.861s] running install_data
[1.861s] running install_egg_info
[1.863s] removing '/home/ssafy/magician_ros2_control_system_ws/install/dobot_motion/lib/python3.10/site-packages/dobot_motion-1.0.0-py3.10.egg-info' (and everything under it)
[1.863s] Copying ../../build/dobot_motion/dobot_motion.egg-info to /home/ssafy/magician_ros2_control_system_ws/install/dobot_motion/lib/python3.10/site-packages/dobot_motion-1.0.0-py3.10.egg-info
[1.864s] running install_scripts
[1.880s] Installing PTP_server script to /home/ssafy/magician_ros2_control_system_ws/install/dobot_motion/lib/dobot_motion
[1.880s] Installing sliding_rail_server script to /home/ssafy/magician_ros2_control_system_ws/install/dobot_motion/lib/dobot_motion
[1.881s] writing list of installed files to '/home/ssafy/magician_ros2_control_system_ws/build/dobot_motion/install.log'
[1.903s] Invoked command in '/home/ssafy/magician_ros2_control_system_ws/src/dobot_motion' returned '0': PYTHONPATH=/home/ssafy/magician_ros2_control_system_ws/build/dobot_motion/prefix_override:/usr/lib/python3/dist-packages/colcon_core/task/python/colcon_distutils_commands:/home/ssafy/magician_ros2_control_system_ws/install/dobot_motion/lib/python3.10/site-packages:${PYTHONPATH} /usr/bin/python3 -W ignore:setup.py install is deprecated -W ignore:easy_install command is deprecated setup.py egg_info --egg-base ../../build/dobot_motion build --build-base /home/ssafy/magician_ros2_control_system_ws/build/dobot_motion/build install --record /home/ssafy/magician_ros2_control_system_ws/build/dobot_motion/install.log --single-version-externally-managed install_data
