[3.049s] Invoking command in '/home/ssafy/magician_ros2_control_system_ws/src/dobot_diagnostics': PYTHONPATH=/home/ssafy/magician_ros2_control_system_ws/build/dobot_diagnostics/prefix_override:/usr/lib/python3/dist-packages/colcon_core/task/python/colcon_distutils_commands:/home/ssafy/magician_ros2_control_system_ws/install/dobot_diagnostics/lib/python3.10/site-packages:${PYTHONPATH} /usr/bin/python3 -W ignore:setup.py install is deprecated -W ignore:easy_install command is deprecated setup.py egg_info --egg-base ../../build/dobot_diagnostics build --build-base /home/ssafy/magician_ros2_control_system_ws/build/dobot_diagnostics/build install --record /home/ssafy/magician_ros2_control_system_ws/build/dobot_diagnostics/install.log --single-version-externally-managed install_data
[3.360s] running egg_info
[3.362s] writing ../../build/dobot_diagnostics/dobot_diagnostics.egg-info/PKG-INFO
[3.362s] writing dependency_links to ../../build/dobot_diagnostics/dobot_diagnostics.egg-info/dependency_links.txt
[3.363s] writing entry points to ../../build/dobot_diagnostics/dobot_diagnostics.egg-info/entry_points.txt
[3.363s] writing requirements to ../../build/dobot_diagnostics/dobot_diagnostics.egg-info/requires.txt
[3.364s] writing top-level names to ../../build/dobot_diagnostics/dobot_diagnostics.egg-info/top_level.txt
[3.369s] reading manifest file '../../build/dobot_diagnostics/dobot_diagnostics.egg-info/SOURCES.txt'
[3.372s] writing manifest file '../../build/dobot_diagnostics/dobot_diagnostics.egg-info/SOURCES.txt'
[3.372s] running build
[3.373s] running build_py
[3.374s] running install
[3.375s] running install_lib
[3.379s] running install_data
[3.380s] running install_egg_info
[3.387s] removing '/home/ssafy/magician_ros2_control_system_ws/install/dobot_diagnostics/lib/python3.10/site-packages/dobot_diagnostics-1.0.0-py3.10.egg-info' (and everything under it)
[3.387s] Copying ../../build/dobot_diagnostics/dobot_diagnostics.egg-info to /home/ssafy/magician_ros2_control_system_ws/install/dobot_diagnostics/lib/python3.10/site-packages/dobot_diagnostics-1.0.0-py3.10.egg-info
[3.390s] running install_scripts
[3.434s] Installing alarms_parser script to /home/ssafy/magician_ros2_control_system_ws/install/dobot_diagnostics/lib/dobot_diagnostics
[3.434s] writing list of installed files to '/home/ssafy/magician_ros2_control_system_ws/build/dobot_diagnostics/install.log'
[3.465s] Invoked command in '/home/ssafy/magician_ros2_control_system_ws/src/dobot_diagnostics' returned '0': PYTHONPATH=/home/ssafy/magician_ros2_control_system_ws/build/dobot_diagnostics/prefix_override:/usr/lib/python3/dist-packages/colcon_core/task/python/colcon_distutils_commands:/home/ssafy/magician_ros2_control_system_ws/install/dobot_diagnostics/lib/python3.10/site-packages:${PYTHONPATH} /usr/bin/python3 -W ignore:setup.py install is deprecated -W ignore:easy_install command is deprecated setup.py egg_info --egg-base ../../build/dobot_diagnostics build --build-base /home/ssafy/magician_ros2_control_system_ws/build/dobot_diagnostics/build install --record /home/ssafy/magician_ros2_control_system_ws/build/dobot_diagnostics/install.log --single-version-externally-managed install_data
