[1.535s] Invoking command in '/home/ssafy/magician_ros2_control_system_ws/src/dobot_motion': AMENT_PREFIX_PATH=/home/ssafy/magician_ros2_control_system_ws/install/dobot_msgs:${AMENT_PREFIX_PATH} CMAKE_PREFIX_PATH=/home/ssafy/magician_ros2_control_system_ws/install/dobot_msgs LD_LIBRARY_PATH=/home/ssafy/magician_ros2_control_system_ws/install/dobot_msgs/lib:${LD_LIBRARY_PATH} PYTHONPATH=/home/ssafy/magician_ros2_control_system_ws/build/dobot_motion/prefix_override:/usr/lib/python3/dist-packages/colcon_core/task/python/colcon_distutils_commands:/home/ssafy/magician_ros2_control_system_ws/install/dobot_motion/lib/python3.10/site-packages:/home/ssafy/magician_ros2_control_system_ws/install/dobot_msgs/local/lib/python3.10/dist-packages:${PYTHONPATH} /usr/bin/python3 -W ignore:setup.py install is deprecated -W ignore:easy_install command is deprecated setup.py egg_info --egg-base ../../build/dobot_motion build --build-base /home/ssafy/magician_ros2_control_system_ws/build/dobot_motion/build install --record /home/ssafy/magician_ros2_control_system_ws/build/dobot_motion/install.log --single-version-externally-managed install_data
[1.702s] running egg_info
[1.702s] writing ../../build/dobot_motion/dobot_motion.egg-info/PKG-INFO
[1.703s] writing dependency_links to ../../build/dobot_motion/dobot_motion.egg-info/dependency_links.txt
[1.703s] writing entry points to ../../build/dobot_motion/dobot_motion.egg-info/entry_points.txt
[1.703s] writing requirements to ../../build/dobot_motion/dobot_motion.egg-info/requires.txt
[1.703s] writing top-level names to ../../build/dobot_motion/dobot_motion.egg-info/top_level.txt
[1.705s] reading manifest file '../../build/dobot_motion/dobot_motion.egg-info/SOURCES.txt'
[1.705s] writing manifest file '../../build/dobot_motion/dobot_motion.egg-info/SOURCES.txt'
[1.705s] running build
[1.705s] running build_py
[1.706s] running install
[1.706s] running install_lib
[1.707s] running install_data
[1.708s] running install_egg_info
[1.710s] removing '/home/ssafy/magician_ros2_control_system_ws/install/dobot_motion/lib/python3.10/site-packages/dobot_motion-1.0.0-py3.10.egg-info' (and everything under it)
[1.710s] Copying ../../build/dobot_motion/dobot_motion.egg-info to /home/ssafy/magician_ros2_control_system_ws/install/dobot_motion/lib/python3.10/site-packages/dobot_motion-1.0.0-py3.10.egg-info
[1.710s] running install_scripts
[1.733s] Installing PTP_server script to /home/ssafy/magician_ros2_control_system_ws/install/dobot_motion/lib/dobot_motion
[1.733s] Installing sliding_rail_server script to /home/ssafy/magician_ros2_control_system_ws/install/dobot_motion/lib/dobot_motion
[1.734s] writing list of installed files to '/home/ssafy/magician_ros2_control_system_ws/build/dobot_motion/install.log'
[1.764s] Invoked command in '/home/ssafy/magician_ros2_control_system_ws/src/dobot_motion' returned '0': AMENT_PREFIX_PATH=/home/ssafy/magician_ros2_control_system_ws/install/dobot_msgs:${AMENT_PREFIX_PATH} CMAKE_PREFIX_PATH=/home/ssafy/magician_ros2_control_system_ws/install/dobot_msgs LD_LIBRARY_PATH=/home/ssafy/magician_ros2_control_system_ws/install/dobot_msgs/lib:${LD_LIBRARY_PATH} PYTHONPATH=/home/ssafy/magician_ros2_control_system_ws/build/dobot_motion/prefix_override:/usr/lib/python3/dist-packages/colcon_core/task/python/colcon_distutils_commands:/home/ssafy/magician_ros2_control_system_ws/install/dobot_motion/lib/python3.10/site-packages:/home/ssafy/magician_ros2_control_system_ws/install/dobot_msgs/local/lib/python3.10/dist-packages:${PYTHONPATH} /usr/bin/python3 -W ignore:setup.py install is deprecated -W ignore:easy_install command is deprecated setup.py egg_info --egg-base ../../build/dobot_motion build --build-base /home/ssafy/magician_ros2_control_system_ws/build/dobot_motion/build install --record /home/ssafy/magician_ros2_control_system_ws/build/dobot_motion/install.log --single-version-externally-managed install_data
