[3.302s] Invoking command in '/home/ssafy/magician_ros2_control_system_ws/src/dobot_control_panel': PYTHONPATH=/home/ssafy/magician_ros2_control_system_ws/build/dobot_control_panel/prefix_override:/usr/lib/python3/dist-packages/colcon_core/task/python/colcon_distutils_commands:/home/ssafy/magician_ros2_control_system_ws/install/dobot_control_panel/lib/python3.10/site-packages:${PYTHONPATH} /usr/bin/python3 -W ignore:setup.py install is deprecated -W ignore:easy_install command is deprecated setup.py egg_info --egg-base ../../build/dobot_control_panel build --build-base /home/ssafy/magician_ros2_control_system_ws/build/dobot_control_panel/build install --record /home/ssafy/magician_ros2_control_system_ws/build/dobot_control_panel/install.log --single-version-externally-managed install_data
[3.519s] running egg_info
[3.522s] writing ../../build/dobot_control_panel/dobot_control_panel.egg-info/PKG-INFO
[3.523s] writing dependency_links to ../../build/dobot_control_panel/dobot_control_panel.egg-info/dependency_links.txt
[3.523s] writing entry points to ../../build/dobot_control_panel/dobot_control_panel.egg-info/entry_points.txt
[3.523s] writing requirements to ../../build/dobot_control_panel/dobot_control_panel.egg-info/requires.txt
[3.523s] writing top-level names to ../../build/dobot_control_panel/dobot_control_panel.egg-info/top_level.txt
[3.523s] reading manifest file '../../build/dobot_control_panel/dobot_control_panel.egg-info/SOURCES.txt'
[3.523s] writing manifest file '../../build/dobot_control_panel/dobot_control_panel.egg-info/SOURCES.txt'
[3.523s] running build
[3.523s] running build_py
[3.523s] running install
[3.523s] running install_lib
[3.524s] running install_data
[3.525s] running install_egg_info
[3.526s] removing '/home/ssafy/magician_ros2_control_system_ws/install/dobot_control_panel/lib/python3.10/site-packages/dobot_control_panel-1.0.0-py3.10.egg-info' (and everything under it)
[3.529s] Copying ../../build/dobot_control_panel/dobot_control_panel.egg-info to /home/ssafy/magician_ros2_control_system_ws/install/dobot_control_panel/lib/python3.10/site-packages/dobot_control_panel-1.0.0-py3.10.egg-info
[3.531s] running install_scripts
[3.549s] Installing dobot_control_panel script to /home/ssafy/magician_ros2_control_system_ws/install/dobot_control_panel/lib/dobot_control_panel
[3.549s] writing list of installed files to '/home/ssafy/magician_ros2_control_system_ws/build/dobot_control_panel/install.log'
[3.581s] Invoked command in '/home/ssafy/magician_ros2_control_system_ws/src/dobot_control_panel' returned '0': PYTHONPATH=/home/ssafy/magician_ros2_control_system_ws/build/dobot_control_panel/prefix_override:/usr/lib/python3/dist-packages/colcon_core/task/python/colcon_distutils_commands:/home/ssafy/magician_ros2_control_system_ws/install/dobot_control_panel/lib/python3.10/site-packages:${PYTHONPATH} /usr/bin/python3 -W ignore:setup.py install is deprecated -W ignore:easy_install command is deprecated setup.py egg_info --egg-base ../../build/dobot_control_panel build --build-base /home/ssafy/magician_ros2_control_system_ws/build/dobot_control_panel/build install --record /home/ssafy/magician_ros2_control_system_ws/build/dobot_control_panel/install.log --single-version-externally-managed install_data
