running egg_info
creating ../../build/dobot_diagnostics/dobot_diagnostics.egg-info
writing ../../build/dobot_diagnostics/dobot_diagnostics.egg-info/PKG-INFO
writing dependency_links to ../../build/dobot_diagnostics/dobot_diagnostics.egg-info/dependency_links.txt
writing entry points to ../../build/dobot_diagnostics/dobot_diagnostics.egg-info/entry_points.txt
writing requirements to ../../build/dobot_diagnostics/dobot_diagnostics.egg-info/requires.txt
writing top-level names to ../../build/dobot_diagnostics/dobot_diagnostics.egg-info/top_level.txt
writing manifest file '../../build/dobot_diagnostics/dobot_diagnostics.egg-info/SOURCES.txt'
reading manifest file '../../build/dobot_diagnostics/dobot_diagnostics.egg-info/SOURCES.txt'
writing manifest file '../../build/dobot_diagnostics/dobot_diagnostics.egg-info/SOURCES.txt'
running build
running build_py
creating /home/ssafy/magician_ros2_control_system_ws/build/dobot_diagnostics/build
creating /home/ssafy/magician_ros2_control_system_ws/build/dobot_diagnostics/build/lib
creating /home/ssafy/magician_ros2_control_system_ws/build/dobot_diagnostics/build/lib/dobot_diagnostics
copying dobot_diagnostics/alarms_parser.py -> /home/ssafy/magician_ros2_control_system_ws/build/dobot_diagnostics/build/lib/dobot_diagnostics
copying dobot_diagnostics/diagnostics_utils.py -> /home/ssafy/magician_ros2_control_system_ws/build/dobot_diagnostics/build/lib/dobot_diagnostics
copying dobot_diagnostics/__init__.py -> /home/ssafy/magician_ros2_control_system_ws/build/dobot_diagnostics/build/lib/dobot_diagnostics
running install
running install_lib
creating /home/ssafy/magician_ros2_control_system_ws/install/dobot_diagnostics/lib/python3.10/site-packages/dobot_diagnostics
copying /home/ssafy/magician_ros2_control_system_ws/build/dobot_diagnostics/build/lib/dobot_diagnostics/alarms_parser.py -> /home/ssafy/magician_ros2_control_system_ws/install/dobot_diagnostics/lib/python3.10/site-packages/dobot_diagnostics
copying /home/ssafy/magician_ros2_control_system_ws/build/dobot_diagnostics/build/lib/dobot_diagnostics/diagnostics_utils.py -> /home/ssafy/magician_ros2_control_system_ws/install/dobot_diagnostics/lib/python3.10/site-packages/dobot_diagnostics
copying /home/ssafy/magician_ros2_control_system_ws/build/dobot_diagnostics/build/lib/dobot_diagnostics/__init__.py -> /home/ssafy/magician_ros2_control_system_ws/install/dobot_diagnostics/lib/python3.10/site-packages/dobot_diagnostics
byte-compiling /home/ssafy/magician_ros2_control_system_ws/install/dobot_diagnostics/lib/python3.10/site-packages/dobot_diagnostics/alarms_parser.py to alarms_parser.cpython-310.pyc
byte-compiling /home/ssafy/magician_ros2_control_system_ws/install/dobot_diagnostics/lib/python3.10/site-packages/dobot_diagnostics/diagnostics_utils.py to diagnostics_utils.cpython-310.pyc
byte-compiling /home/ssafy/magician_ros2_control_system_ws/install/dobot_diagnostics/lib/python3.10/site-packages/dobot_diagnostics/__init__.py to __init__.cpython-310.pyc
running install_data
creating /home/ssafy/magician_ros2_control_system_ws/install/dobot_diagnostics/share/ament_index
creating /home/ssafy/magician_ros2_control_system_ws/install/dobot_diagnostics/share/ament_index/resource_index
creating /home/ssafy/magician_ros2_control_system_ws/install/dobot_diagnostics/share/ament_index/resource_index/packages
copying resource/dobot_diagnostics -> /home/ssafy/magician_ros2_control_system_ws/install/dobot_diagnostics/share/ament_index/resource_index/packages
copying package.xml -> /home/ssafy/magician_ros2_control_system_ws/install/dobot_diagnostics/share/dobot_diagnostics
creating /home/ssafy/magician_ros2_control_system_ws/install/dobot_diagnostics/share/dobot_diagnostics/launch
copying launch/alarms_analyzer.launch.py -> /home/ssafy/magician_ros2_control_system_ws/install/dobot_diagnostics/share/dobot_diagnostics/launch
creating /home/ssafy/magician_ros2_control_system_ws/install/dobot_diagnostics/share/dobot_diagnostics/config
copying config/analyzer_params.yaml -> /home/ssafy/magician_ros2_control_system_ws/install/dobot_diagnostics/share/dobot_diagnostics/config
running install_egg_info
Copying ../../build/dobot_diagnostics/dobot_diagnostics.egg-info to /home/ssafy/magician_ros2_control_system_ws/install/dobot_diagnostics/lib/python3.10/site-packages/dobot_diagnostics-1.0.0-py3.10.egg-info
running install_scripts
Installing alarms_parser script to /home/ssafy/magician_ros2_control_system_ws/install/dobot_diagnostics/lib/dobot_diagnostics
writing list of installed files to '/home/ssafy/magician_ros2_control_system_ws/build/dobot_diagnostics/install.log'
