[0.328s] Invoking command in '/home/ssafy/magician_ros2_control_system_ws/build/dobot_driver': CMAKE_PREFIX_PATH=${CMAKE_PREFIX_PATH}:/home/ssafy/ml_ws/install/lecture:/opt/ros/humble /usr/bin/cmake /home/ssafy/magician_ros2_control_system_ws/src/dobot_driver -DCMAKE_INSTALL_PREFIX=/home/ssafy/magician_ros2_control_system_ws/install/dobot_driver
[0.373s] -- The C compiler identification is GNU 11.4.0
[0.417s] -- The CXX compiler identification is GNU 11.4.0
[0.423s] -- Detecting C compiler ABI info
[0.485s] -- Detecting C compiler ABI info - done
[0.492s] -- Check for working C compiler: /usr/bin/cc - skipped
[0.492s] -- Detecting C compile features
[0.492s] -- Detecting C compile features - done
[0.494s] -- Detecting CXX compiler ABI info
[0.566s] -- Detecting CXX compiler ABI info - done
[0.574s] -- Check for working CXX compiler: /usr/bin/c++ - skipped
[0.575s] -- Detecting CXX compile features
[0.575s] -- Detecting CXX compile features - done
[0.577s] -- Found ament_cmake: 1.3.11 (/opt/ros/humble/share/ament_cmake/cmake)
[0.693s] -- Found Python3: /usr/bin/python3 (found version "3.10.12") found components: Interpreter 
[0.831s] -- Found ament_lint_auto: 0.12.12 (/opt/ros/humble/share/ament_lint_auto/cmake)
[0.910s] -- Added test 'copyright' to check source files copyright and LICENSE
[0.911s] -- Added test 'flake8' to check Python code syntax and style conventions
[0.911s] -- Added test 'lint_cmake' to check CMake code style
[0.912s] -- Added test 'pep257' to check Python code against some of the docstring style conventions in PEP 257
[0.913s] -- Added test 'xmllint' to check XML markup files
[0.914s] -- Configuring done
[0.916s] -- Generating done
[0.917s] -- Build files have been written to: /home/ssafy/magician_ros2_control_system_ws/build/dobot_driver
[0.920s] Invoked command in '/home/ssafy/magician_ros2_control_system_ws/build/dobot_driver' returned '0': CMAKE_PREFIX_PATH=${CMAKE_PREFIX_PATH}:/home/ssafy/ml_ws/install/lecture:/opt/ros/humble /usr/bin/cmake /home/ssafy/magician_ros2_control_system_ws/src/dobot_driver -DCMAKE_INSTALL_PREFIX=/home/ssafy/magician_ros2_control_system_ws/install/dobot_driver
[0.922s] Invoking command in '/home/ssafy/magician_ros2_control_system_ws/build/dobot_driver': CMAKE_PREFIX_PATH=${CMAKE_PREFIX_PATH}:/home/ssafy/ml_ws/install/lecture:/opt/ros/humble /usr/bin/cmake --build /home/ssafy/magician_ros2_control_system_ws/build/dobot_driver -- -j20 -l20
[0.970s] Built target ament_cmake_python_copy_dobot_driver
[1.124s] running egg_info
[1.124s] creating dobot_driver.egg-info
[1.124s] writing dobot_driver.egg-info/PKG-INFO
[1.124s] writing dependency_links to dobot_driver.egg-info/dependency_links.txt
[1.124s] writing top-level names to dobot_driver.egg-info/top_level.txt
[1.124s] writing manifest file 'dobot_driver.egg-info/SOURCES.txt'
[1.125s] reading manifest file 'dobot_driver.egg-info/SOURCES.txt'
[1.126s] writing manifest file 'dobot_driver.egg-info/SOURCES.txt'
[1.148s] Built target ament_cmake_python_build_dobot_driver_egg
[1.160s] Invoked command in '/home/ssafy/magician_ros2_control_system_ws/build/dobot_driver' returned '0': CMAKE_PREFIX_PATH=${CMAKE_PREFIX_PATH}:/home/ssafy/ml_ws/install/lecture:/opt/ros/humble /usr/bin/cmake --build /home/ssafy/magician_ros2_control_system_ws/build/dobot_driver -- -j20 -l20
[1.162s] Invoking command in '/home/ssafy/magician_ros2_control_system_ws/build/dobot_driver': CMAKE_PREFIX_PATH=${CMAKE_PREFIX_PATH}:/home/ssafy/ml_ws/install/lecture:/opt/ros/humble /usr/bin/cmake --install /home/ssafy/magician_ros2_control_system_ws/build/dobot_driver
[1.169s] -- Install configuration: ""
[1.169s] -- Installing: /home/ssafy/magician_ros2_control_system_ws/install/dobot_driver/share/dobot_driver/environment/pythonpath.sh
[1.169s] -- Installing: /home/ssafy/magician_ros2_control_system_ws/install/dobot_driver/share/dobot_driver/environment/pythonpath.dsv
[1.169s] -- Installing: /home/ssafy/magician_ros2_control_system_ws/install/dobot_driver/local/lib/python3.10/dist-packages/dobot_driver-1.0.0-py3.10.egg-info
[1.169s] -- Installing: /home/ssafy/magician_ros2_control_system_ws/install/dobot_driver/local/lib/python3.10/dist-packages/dobot_driver-1.0.0-py3.10.egg-info/dependency_links.txt
[1.169s] -- Installing: /home/ssafy/magician_ros2_control_system_ws/install/dobot_driver/local/lib/python3.10/dist-packages/dobot_driver-1.0.0-py3.10.egg-info/SOURCES.txt
[1.169s] -- Installing: /home/ssafy/magician_ros2_control_system_ws/install/dobot_driver/local/lib/python3.10/dist-packages/dobot_driver-1.0.0-py3.10.egg-info/PKG-INFO
[1.169s] -- Installing: /home/ssafy/magician_ros2_control_system_ws/install/dobot_driver/local/lib/python3.10/dist-packages/dobot_driver-1.0.0-py3.10.egg-info/top_level.txt
[1.169s] -- Installing: /home/ssafy/magician_ros2_control_system_ws/install/dobot_driver/local/lib/python3.10/dist-packages/dobot_driver
[1.169s] -- Installing: /home/ssafy/magician_ros2_control_system_ws/install/dobot_driver/local/lib/python3.10/dist-packages/dobot_driver/dobot_handle.py
[1.169s] -- Installing: /home/ssafy/magician_ros2_control_system_ws/install/dobot_driver/local/lib/python3.10/dist-packages/dobot_driver/interface.py
[1.169s] -- Installing: /home/ssafy/magician_ros2_control_system_ws/install/dobot_driver/local/lib/python3.10/dist-packages/dobot_driver/message.py
[1.169s] -- Installing: /home/ssafy/magician_ros2_control_system_ws/install/dobot_driver/local/lib/python3.10/dist-packages/dobot_driver/__init__.py
[1.169s] -- Installing: /home/ssafy/magician_ros2_control_system_ws/install/dobot_driver/local/lib/python3.10/dist-packages/dobot_driver/parsers.py
[1.197s] Listing '/home/ssafy/magician_ros2_control_system_ws/install/dobot_driver/local/lib/python3.10/dist-packages/dobot_driver'...
[1.197s] Compiling '/home/ssafy/magician_ros2_control_system_ws/install/dobot_driver/local/lib/python3.10/dist-packages/dobot_driver/__init__.py'...
[1.197s] Compiling '/home/ssafy/magician_ros2_control_system_ws/install/dobot_driver/local/lib/python3.10/dist-packages/dobot_driver/dobot_handle.py'...
[1.198s] Compiling '/home/ssafy/magician_ros2_control_system_ws/install/dobot_driver/local/lib/python3.10/dist-packages/dobot_driver/interface.py'...
[1.198s] Compiling '/home/ssafy/magician_ros2_control_system_ws/install/dobot_driver/local/lib/python3.10/dist-packages/dobot_driver/message.py'...
[1.198s] Compiling '/home/ssafy/magician_ros2_control_system_ws/install/dobot_driver/local/lib/python3.10/dist-packages/dobot_driver/parsers.py'...
[1.201s] -- Installing: /home/ssafy/magician_ros2_control_system_ws/install/dobot_driver/share/ament_index/resource_index/package_run_dependencies/dobot_driver
[1.201s] -- Installing: /home/ssafy/magician_ros2_control_system_ws/install/dobot_driver/share/ament_index/resource_index/parent_prefix_path/dobot_driver
[1.201s] -- Installing: /home/ssafy/magician_ros2_control_system_ws/install/dobot_driver/share/dobot_driver/environment/ament_prefix_path.sh
[1.201s] -- Installing: /home/ssafy/magician_ros2_control_system_ws/install/dobot_driver/share/dobot_driver/environment/ament_prefix_path.dsv
[1.201s] -- Installing: /home/ssafy/magician_ros2_control_system_ws/install/dobot_driver/share/dobot_driver/environment/path.sh
[1.201s] -- Installing: /home/ssafy/magician_ros2_control_system_ws/install/dobot_driver/share/dobot_driver/environment/path.dsv
[1.201s] -- Installing: /home/ssafy/magician_ros2_control_system_ws/install/dobot_driver/share/dobot_driver/local_setup.bash
[1.201s] -- Installing: /home/ssafy/magician_ros2_control_system_ws/install/dobot_driver/share/dobot_driver/local_setup.sh
[1.201s] -- Installing: /home/ssafy/magician_ros2_control_system_ws/install/dobot_driver/share/dobot_driver/local_setup.zsh
[1.201s] -- Installing: /home/ssafy/magician_ros2_control_system_ws/install/dobot_driver/share/dobot_driver/local_setup.dsv
[1.201s] -- Installing: /home/ssafy/magician_ros2_control_system_ws/install/dobot_driver/share/dobot_driver/package.dsv
[1.201s] -- Installing: /home/ssafy/magician_ros2_control_system_ws/install/dobot_driver/share/ament_index/resource_index/packages/dobot_driver
[1.201s] -- Installing: /home/ssafy/magician_ros2_control_system_ws/install/dobot_driver/share/dobot_driver/cmake/dobot_driverConfig.cmake
[1.202s] -- Installing: /home/ssafy/magician_ros2_control_system_ws/install/dobot_driver/share/dobot_driver/cmake/dobot_driverConfig-version.cmake
[1.202s] -- Installing: /home/ssafy/magician_ros2_control_system_ws/install/dobot_driver/share/dobot_driver/package.xml
[1.203s] Invoked command in '/home/ssafy/magician_ros2_control_system_ws/build/dobot_driver' returned '0': CMAKE_PREFIX_PATH=${CMAKE_PREFIX_PATH}:/home/ssafy/ml_ws/install/lecture:/opt/ros/humble /usr/bin/cmake --install /home/ssafy/magician_ros2_control_system_ws/build/dobot_driver
