[0.405s] Invoking command in '/home/ssafy/magician_ros2_control_system_ws/build/dobot_driver': CMAKE_PREFIX_PATH=${CMAKE_PREFIX_PATH}:/home/ssafy/magician_ros2_control_system_ws/install/dobot_visualization_tools:/home/ssafy/magician_ros2_control_system_ws/install/dobot_state_updater:/home/ssafy/magician_ros2_control_system_ws/install/dobot_motion:/home/ssafy/magician_ros2_control_system_ws/install/dobot_kinematics:/home/ssafy/magician_ros2_control_system_ws/install/dobot_homing:/home/ssafy/magician_ros2_control_system_ws/install/dobot_end_effector:/home/ssafy/magician_ros2_control_system_ws/install/dobot_diagnostics:/home/ssafy/magician_ros2_control_system_ws/install/dobot_demos:/home/ssafy/magician_ros2_control_system_ws/install/dobot_control_panel:/home/ssafy/magician_ros2_control_system_ws/install/dobot_bringup:/home/ssafy/to_ws/install/lecture:/opt/ros/humble /usr/bin/cmake --build /home/ssafy/magician_ros2_control_system_ws/build/dobot_driver -- -j20 -l20
[0.449s] Built target ament_cmake_python_copy_dobot_driver
[0.633s] running egg_info
[0.634s] writing dobot_driver.egg-info/PKG-INFO
[0.634s] writing dependency_links to dobot_driver.egg-info/dependency_links.txt
[0.634s] writing top-level names to dobot_driver.egg-info/top_level.txt
[0.635s] reading manifest file 'dobot_driver.egg-info/SOURCES.txt'
[0.636s] writing manifest file 'dobot_driver.egg-info/SOURCES.txt'
[0.657s] Built target ament_cmake_python_build_dobot_driver_egg
[0.692s] Invoked command in '/home/ssafy/magician_ros2_control_system_ws/build/dobot_driver' returned '0': CMAKE_PREFIX_PATH=${CMAKE_PREFIX_PATH}:/home/ssafy/magician_ros2_control_system_ws/install/dobot_visualization_tools:/home/ssafy/magician_ros2_control_system_ws/install/dobot_state_updater:/home/ssafy/magician_ros2_control_system_ws/install/dobot_motion:/home/ssafy/magician_ros2_control_system_ws/install/dobot_kinematics:/home/ssafy/magician_ros2_control_system_ws/install/dobot_homing:/home/ssafy/magician_ros2_control_system_ws/install/dobot_end_effector:/home/ssafy/magician_ros2_control_system_ws/install/dobot_diagnostics:/home/ssafy/magician_ros2_control_system_ws/install/dobot_demos:/home/ssafy/magician_ros2_control_system_ws/install/dobot_control_panel:/home/ssafy/magician_ros2_control_system_ws/install/dobot_bringup:/home/ssafy/to_ws/install/lecture:/opt/ros/humble /usr/bin/cmake --build /home/ssafy/magician_ros2_control_system_ws/build/dobot_driver -- -j20 -l20
[0.693s] Invoking command in '/home/ssafy/magician_ros2_control_system_ws/build/dobot_driver': CMAKE_PREFIX_PATH=${CMAKE_PREFIX_PATH}:/home/ssafy/magician_ros2_control_system_ws/install/dobot_visualization_tools:/home/ssafy/magician_ros2_control_system_ws/install/dobot_state_updater:/home/ssafy/magician_ros2_control_system_ws/install/dobot_motion:/home/ssafy/magician_ros2_control_system_ws/install/dobot_kinematics:/home/ssafy/magician_ros2_control_system_ws/install/dobot_homing:/home/ssafy/magician_ros2_control_system_ws/install/dobot_end_effector:/home/ssafy/magician_ros2_control_system_ws/install/dobot_diagnostics:/home/ssafy/magician_ros2_control_system_ws/install/dobot_demos:/home/ssafy/magician_ros2_control_system_ws/install/dobot_control_panel:/home/ssafy/magician_ros2_control_system_ws/install/dobot_bringup:/home/ssafy/to_ws/install/lecture:/opt/ros/humble /usr/bin/cmake --install /home/ssafy/magician_ros2_control_system_ws/build/dobot_driver
[1.895s] -- Install configuration: ""
[1.895s] -- Up-to-date: /home/ssafy/magician_ros2_control_system_ws/install/dobot_driver/share/dobot_driver/environment/pythonpath.sh
[1.895s] -- Up-to-date: /home/ssafy/magician_ros2_control_system_ws/install/dobot_driver/share/dobot_driver/environment/pythonpath.dsv
[1.895s] -- Up-to-date: /home/ssafy/magician_ros2_control_system_ws/install/dobot_driver/local/lib/python3.10/dist-packages/dobot_driver-1.0.0-py3.10.egg-info
[1.895s] -- Installing: /home/ssafy/magician_ros2_control_system_ws/install/dobot_driver/local/lib/python3.10/dist-packages/dobot_driver-1.0.0-py3.10.egg-info/PKG-INFO
[1.895s] -- Installing: /home/ssafy/magician_ros2_control_system_ws/install/dobot_driver/local/lib/python3.10/dist-packages/dobot_driver-1.0.0-py3.10.egg-info/top_level.txt
[1.895s] -- Installing: /home/ssafy/magician_ros2_control_system_ws/install/dobot_driver/local/lib/python3.10/dist-packages/dobot_driver-1.0.0-py3.10.egg-info/SOURCES.txt
[1.895s] -- Installing: /home/ssafy/magician_ros2_control_system_ws/install/dobot_driver/local/lib/python3.10/dist-packages/dobot_driver-1.0.0-py3.10.egg-info/dependency_links.txt
[1.895s] -- Up-to-date: /home/ssafy/magician_ros2_control_system_ws/install/dobot_driver/local/lib/python3.10/dist-packages/dobot_driver
[1.895s] -- Up-to-date: /home/ssafy/magician_ros2_control_system_ws/install/dobot_driver/local/lib/python3.10/dist-packages/dobot_driver/dobot_handle.py
[1.895s] -- Up-to-date: /home/ssafy/magician_ros2_control_system_ws/install/dobot_driver/local/lib/python3.10/dist-packages/dobot_driver/message.py
[1.895s] -- Up-to-date: /home/ssafy/magician_ros2_control_system_ws/install/dobot_driver/local/lib/python3.10/dist-packages/dobot_driver/parsers.py
[1.895s] -- Up-to-date: /home/ssafy/magician_ros2_control_system_ws/install/dobot_driver/local/lib/python3.10/dist-packages/dobot_driver/__init__.py
[1.895s] -- Up-to-date: /home/ssafy/magician_ros2_control_system_ws/install/dobot_driver/local/lib/python3.10/dist-packages/dobot_driver/interface.py
[1.895s] Listing '/home/ssafy/magician_ros2_control_system_ws/install/dobot_driver/local/lib/python3.10/dist-packages/dobot_driver'...
[1.895s] -- Up-to-date: /home/ssafy/magician_ros2_control_system_ws/install/dobot_driver/share/ament_index/resource_index/package_run_dependencies/dobot_driver
[1.895s] -- Up-to-date: /home/ssafy/magician_ros2_control_system_ws/install/dobot_driver/share/ament_index/resource_index/parent_prefix_path/dobot_driver
[1.895s] -- Up-to-date: /home/ssafy/magician_ros2_control_system_ws/install/dobot_driver/share/dobot_driver/environment/ament_prefix_path.sh
[1.895s] -- Up-to-date: /home/ssafy/magician_ros2_control_system_ws/install/dobot_driver/share/dobot_driver/environment/ament_prefix_path.dsv
[1.895s] -- Up-to-date: /home/ssafy/magician_ros2_control_system_ws/install/dobot_driver/share/dobot_driver/environment/path.sh
[1.895s] -- Up-to-date: /home/ssafy/magician_ros2_control_system_ws/install/dobot_driver/share/dobot_driver/environment/path.dsv
[1.895s] -- Up-to-date: /home/ssafy/magician_ros2_control_system_ws/install/dobot_driver/share/dobot_driver/local_setup.bash
[1.895s] -- Up-to-date: /home/ssafy/magician_ros2_control_system_ws/install/dobot_driver/share/dobot_driver/local_setup.sh
[1.895s] -- Up-to-date: /home/ssafy/magician_ros2_control_system_ws/install/dobot_driver/share/dobot_driver/local_setup.zsh
[1.895s] -- Up-to-date: /home/ssafy/magician_ros2_control_system_ws/install/dobot_driver/share/dobot_driver/local_setup.dsv
[1.896s] -- Installing: /home/ssafy/magician_ros2_control_system_ws/install/dobot_driver/share/dobot_driver/package.dsv
[1.896s] -- Up-to-date: /home/ssafy/magician_ros2_control_system_ws/install/dobot_driver/share/ament_index/resource_index/packages/dobot_driver
[1.896s] -- Up-to-date: /home/ssafy/magician_ros2_control_system_ws/install/dobot_driver/share/dobot_driver/cmake/dobot_driverConfig.cmake
[1.896s] -- Up-to-date: /home/ssafy/magician_ros2_control_system_ws/install/dobot_driver/share/dobot_driver/cmake/dobot_driverConfig-version.cmake
[1.896s] -- Up-to-date: /home/ssafy/magician_ros2_control_system_ws/install/dobot_driver/share/dobot_driver/package.xml
[2.088s] Invoked command in '/home/ssafy/magician_ros2_control_system_ws/build/dobot_driver' returned '0': CMAKE_PREFIX_PATH=${CMAKE_PREFIX_PATH}:/home/ssafy/magician_ros2_control_system_ws/install/dobot_visualization_tools:/home/ssafy/magician_ros2_control_system_ws/install/dobot_state_updater:/home/ssafy/magician_ros2_control_system_ws/install/dobot_motion:/home/ssafy/magician_ros2_control_system_ws/install/dobot_kinematics:/home/ssafy/magician_ros2_control_system_ws/install/dobot_homing:/home/ssafy/magician_ros2_control_system_ws/install/dobot_end_effector:/home/ssafy/magician_ros2_control_system_ws/install/dobot_diagnostics:/home/ssafy/magician_ros2_control_system_ws/install/dobot_demos:/home/ssafy/magician_ros2_control_system_ws/install/dobot_control_panel:/home/ssafy/magician_ros2_control_system_ws/install/dobot_bringup:/home/ssafy/to_ws/install/lecture:/opt/ros/humble /usr/bin/cmake --install /home/ssafy/magician_ros2_control_system_ws/build/dobot_driver
