[1.694s] Invoking command in '/home/ssafy/magician_ros2_control_system_ws/src/dobot_demos': PYTHONPATH=/home/ssafy/magician_ros2_control_system_ws/build/dobot_demos/prefix_override:/usr/lib/python3/dist-packages/colcon_core/task/python/colcon_distutils_commands:/home/ssafy/magician_ros2_control_system_ws/install/dobot_demos/lib/python3.10/site-packages:${PYTHONPATH} /usr/bin/python3 -W ignore:setup.py install is deprecated -W ignore:easy_install command is deprecated setup.py egg_info --egg-base ../../build/dobot_demos build --build-base /home/ssafy/magician_ros2_control_system_ws/build/dobot_demos/build install --record /home/ssafy/magician_ros2_control_system_ws/build/dobot_demos/install.log --single-version-externally-managed install_data
[1.881s] running egg_info
[1.881s] writing ../../build/dobot_demos/dobot_demos.egg-info/PKG-INFO
[1.881s] writing dependency_links to ../../build/dobot_demos/dobot_demos.egg-info/dependency_links.txt
[1.882s] writing entry points to ../../build/dobot_demos/dobot_demos.egg-info/entry_points.txt
[1.882s] writing requirements to ../../build/dobot_demos/dobot_demos.egg-info/requires.txt
[1.882s] writing top-level names to ../../build/dobot_demos/dobot_demos.egg-info/top_level.txt
[1.883s] reading manifest file '../../build/dobot_demos/dobot_demos.egg-info/SOURCES.txt'
[1.884s] writing manifest file '../../build/dobot_demos/dobot_demos.egg-info/SOURCES.txt'
[1.884s] running build
[1.884s] running build_py
[1.884s] running install
[1.884s] running install_lib
[1.885s] running install_data
[1.885s] running install_egg_info
[1.887s] removing '/home/ssafy/magician_ros2_control_system_ws/install/dobot_demos/lib/python3.10/site-packages/dobot_demos-1.0.0-py3.10.egg-info' (and everything under it)
[1.887s] Copying ../../build/dobot_demos/dobot_demos.egg-info to /home/ssafy/magician_ros2_control_system_ws/install/dobot_demos/lib/python3.10/site-packages/dobot_demos-1.0.0-py3.10.egg-info
[1.887s] running install_scripts
[1.902s] Installing test_gripper script to /home/ssafy/magician_ros2_control_system_ws/install/dobot_demos/lib/dobot_demos
[1.903s] Installing test_homing script to /home/ssafy/magician_ros2_control_system_ws/install/dobot_demos/lib/dobot_demos
[1.903s] Installing test_pick_and_place script to /home/ssafy/magician_ros2_control_system_ws/install/dobot_demos/lib/dobot_demos
[1.903s] Installing test_point_to_point script to /home/ssafy/magician_ros2_control_system_ws/install/dobot_demos/lib/dobot_demos
[1.903s] Installing test_suction_cup script to /home/ssafy/magician_ros2_control_system_ws/install/dobot_demos/lib/dobot_demos
[1.903s] writing list of installed files to '/home/ssafy/magician_ros2_control_system_ws/build/dobot_demos/install.log'
[1.922s] Invoked command in '/home/ssafy/magician_ros2_control_system_ws/src/dobot_demos' returned '0': PYTHONPATH=/home/ssafy/magician_ros2_control_system_ws/build/dobot_demos/prefix_override:/usr/lib/python3/dist-packages/colcon_core/task/python/colcon_distutils_commands:/home/ssafy/magician_ros2_control_system_ws/install/dobot_demos/lib/python3.10/site-packages:${PYTHONPATH} /usr/bin/python3 -W ignore:setup.py install is deprecated -W ignore:easy_install command is deprecated setup.py egg_info --egg-base ../../build/dobot_demos build --build-base /home/ssafy/magician_ros2_control_system_ws/build/dobot_demos/build install --record /home/ssafy/magician_ros2_control_system_ws/build/dobot_demos/install.log --single-version-externally-managed install_data
