[0.024s] Invoking command in '/home/ssafy/magician_ros2_control_system_ws/build/dobot_msgs': CMAKE_PREFIX_PATH=${CMAKE_PREFIX_PATH}:/home/ssafy/magician_ros2_control_system_ws/install/dobot_visualization_tools:/home/ssafy/magician_ros2_control_system_ws/install/dobot_state_updater:/home/ssafy/magician_ros2_control_system_ws/install/dobot_motion:/home/ssafy/magician_ros2_control_system_ws/install/dobot_kinematics:/home/ssafy/magician_ros2_control_system_ws/install/dobot_homing:/home/ssafy/magician_ros2_control_system_ws/install/dobot_end_effector:/home/ssafy/magician_ros2_control_system_ws/install/dobot_diagnostics:/home/ssafy/magician_ros2_control_system_ws/install/dobot_demos:/home/ssafy/magician_ros2_control_system_ws/install/dobot_control_panel:/home/ssafy/magician_ros2_control_system_ws/install/dobot_bringup:/home/ssafy/to_ws/install/lecture:/opt/ros/humble /usr/bin/cmake --build /home/ssafy/magician_ros2_control_system_ws/build/dobot_msgs -- -j20 -l20
[0.420s] [  1%] Built target dobot_msgs__cpp
[0.420s] [ 12%] Built target dobot_msgs__rosidl_generator_c
[0.420s] [ 12%] Built target ament_cmake_python_copy_dobot_msgs
[0.420s] [ 24%] Built target dobot_msgs__rosidl_typesupport_introspection_cpp
[0.420s] [ 35%] Built target dobot_msgs__rosidl_typesupport_introspection_c
[0.420s] [ 47%] Built target dobot_msgs__rosidl_typesupport_cpp
[0.420s] [ 58%] Built target dobot_msgs__rosidl_typesupport_c
[0.420s] [ 70%] Built target dobot_msgs__rosidl_typesupport_fastrtps_cpp
[0.420s] [ 81%] Built target dobot_msgs__rosidl_typesupport_fastrtps_c
[0.421s] [ 81%] Built target dobot_msgs
[0.421s] [ 82%] Built target dobot_msgs__py
[0.421s] [ 93%] Built target dobot_msgs__rosidl_generator_py
[0.421s] [ 95%] Built target dobot_msgs__rosidl_typesupport_fastrtps_c__pyext
[0.421s] [ 97%] Built target dobot_msgs__rosidl_typesupport_introspection_c__pyext
[0.421s] [100%] Built target dobot_msgs__rosidl_typesupport_c__pyext
[0.421s] running egg_info
[0.421s] writing dobot_msgs.egg-info/PKG-INFO
[0.421s] writing dependency_links to dobot_msgs.egg-info/dependency_links.txt
[0.421s] writing top-level names to dobot_msgs.egg-info/top_level.txt
[0.421s] reading manifest file 'dobot_msgs.egg-info/SOURCES.txt'
[0.421s] writing manifest file 'dobot_msgs.egg-info/SOURCES.txt'
[0.421s] [100%] Built target ament_cmake_python_build_dobot_msgs_egg
[0.613s] Invoked command in '/home/ssafy/magician_ros2_control_system_ws/build/dobot_msgs' returned '0': CMAKE_PREFIX_PATH=${CMAKE_PREFIX_PATH}:/home/ssafy/magician_ros2_control_system_ws/install/dobot_visualization_tools:/home/ssafy/magician_ros2_control_system_ws/install/dobot_state_updater:/home/ssafy/magician_ros2_control_system_ws/install/dobot_motion:/home/ssafy/magician_ros2_control_system_ws/install/dobot_kinematics:/home/ssafy/magician_ros2_control_system_ws/install/dobot_homing:/home/ssafy/magician_ros2_control_system_ws/install/dobot_end_effector:/home/ssafy/magician_ros2_control_system_ws/install/dobot_diagnostics:/home/ssafy/magician_ros2_control_system_ws/install/dobot_demos:/home/ssafy/magician_ros2_control_system_ws/install/dobot_control_panel:/home/ssafy/magician_ros2_control_system_ws/install/dobot_bringup:/home/ssafy/to_ws/install/lecture:/opt/ros/humble /usr/bin/cmake --build /home/ssafy/magician_ros2_control_system_ws/build/dobot_msgs -- -j20 -l20
[0.622s] Invoking command in '/home/ssafy/magician_ros2_control_system_ws/build/dobot_msgs': CMAKE_PREFIX_PATH=${CMAKE_PREFIX_PATH}:/home/ssafy/magician_ros2_control_system_ws/install/dobot_visualization_tools:/home/ssafy/magician_ros2_control_system_ws/install/dobot_state_updater:/home/ssafy/magician_ros2_control_system_ws/install/dobot_motion:/home/ssafy/magician_ros2_control_system_ws/install/dobot_kinematics:/home/ssafy/magician_ros2_control_system_ws/install/dobot_homing:/home/ssafy/magician_ros2_control_system_ws/install/dobot_end_effector:/home/ssafy/magician_ros2_control_system_ws/install/dobot_diagnostics:/home/ssafy/magician_ros2_control_system_ws/install/dobot_demos:/home/ssafy/magician_ros2_control_system_ws/install/dobot_control_panel:/home/ssafy/magician_ros2_control_system_ws/install/dobot_bringup:/home/ssafy/to_ws/install/lecture:/opt/ros/humble /usr/bin/cmake --install /home/ssafy/magician_ros2_control_system_ws/build/dobot_msgs
[0.628s] -- Install configuration: ""
[0.628s] -- Up-to-date: /home/ssafy/magician_ros2_control_system_ws/install/dobot_msgs/share/ament_index/resource_index/rosidl_interfaces/dobot_msgs
[0.628s] -- Up-to-date: /home/ssafy/magician_ros2_control_system_ws/install/dobot_msgs/include/dobot_msgs/dobot_msgs
[0.628s] -- Up-to-date: /home/ssafy/magician_ros2_control_system_ws/install/dobot_msgs/include/dobot_msgs/dobot_msgs/srv
[0.628s] -- Up-to-date: /home/ssafy/magician_ros2_control_system_ws/install/dobot_msgs/include/dobot_msgs/dobot_msgs/srv/suction_cup_control.h
[0.628s] -- Up-to-date: /home/ssafy/magician_ros2_control_system_ws/install/dobot_msgs/include/dobot_msgs/dobot_msgs/srv/gripper_control.h
[0.628s] -- Up-to-date: /home/ssafy/magician_ros2_control_system_ws/install/dobot_msgs/include/dobot_msgs/dobot_msgs/srv/evaluate_ptp_trajectory.h
[0.629s] -- Up-to-date: /home/ssafy/magician_ros2_control_system_ws/install/dobot_msgs/include/dobot_msgs/dobot_msgs/srv/detail
[0.629s] -- Up-to-date: /home/ssafy/magician_ros2_control_system_ws/install/dobot_msgs/include/dobot_msgs/dobot_msgs/srv/detail/evaluate_ptp_trajectory__type_support.h
[0.629s] -- Up-to-date: /home/ssafy/magician_ros2_control_system_ws/install/dobot_msgs/include/dobot_msgs/dobot_msgs/srv/detail/gripper_control__functions.h
[0.629s] -- Up-to-date: /home/ssafy/magician_ros2_control_system_ws/install/dobot_msgs/include/dobot_msgs/dobot_msgs/srv/detail/execute_homing_procedure__functions.c
[0.629s] -- Up-to-date: /home/ssafy/magician_ros2_control_system_ws/install/dobot_msgs/include/dobot_msgs/dobot_msgs/srv/detail/gripper_control__functions.c
[0.629s] -- Up-to-date: /home/ssafy/magician_ros2_control_system_ws/install/dobot_msgs/include/dobot_msgs/dobot_msgs/srv/detail/evaluate_ptp_trajectory__functions.c
[0.629s] -- Up-to-date: /home/ssafy/magician_ros2_control_system_ws/install/dobot_msgs/include/dobot_msgs/dobot_msgs/srv/detail/suction_cup_control__functions.h
[0.629s] -- Up-to-date: /home/ssafy/magician_ros2_control_system_ws/install/dobot_msgs/include/dobot_msgs/dobot_msgs/srv/detail/execute_homing_procedure__functions.h
[0.629s] -- Up-to-date: /home/ssafy/magician_ros2_control_system_ws/install/dobot_msgs/include/dobot_msgs/dobot_msgs/srv/detail/suction_cup_control__type_support.h
[0.629s] -- Up-to-date: /home/ssafy/magician_ros2_control_system_ws/install/dobot_msgs/include/dobot_msgs/dobot_msgs/srv/detail/suction_cup_control__struct.h
[0.629s] -- Up-to-date: /home/ssafy/magician_ros2_control_system_ws/install/dobot_msgs/include/dobot_msgs/dobot_msgs/srv/detail/evaluate_ptp_trajectory__functions.h
[0.629s] -- Up-to-date: /home/ssafy/magician_ros2_control_system_ws/install/dobot_msgs/include/dobot_msgs/dobot_msgs/srv/detail/gripper_control__struct.h
[0.629s] -- Up-to-date: /home/ssafy/magician_ros2_control_system_ws/install/dobot_msgs/include/dobot_msgs/dobot_msgs/srv/detail/evaluate_ptp_trajectory__struct.h
[0.629s] -- Up-to-date: /home/ssafy/magician_ros2_control_system_ws/install/dobot_msgs/include/dobot_msgs/dobot_msgs/srv/detail/gripper_control__type_support.h
[0.629s] -- Up-to-date: /home/ssafy/magician_ros2_control_system_ws/install/dobot_msgs/include/dobot_msgs/dobot_msgs/srv/detail/execute_homing_procedure__struct.h
[0.629s] -- Up-to-date: /home/ssafy/magician_ros2_control_system_ws/install/dobot_msgs/include/dobot_msgs/dobot_msgs/srv/detail/execute_homing_procedure__type_support.h
[0.629s] -- Up-to-date: /home/ssafy/magician_ros2_control_system_ws/install/dobot_msgs/include/dobot_msgs/dobot_msgs/srv/detail/suction_cup_control__functions.c
[0.629s] -- Up-to-date: /home/ssafy/magician_ros2_control_system_ws/install/dobot_msgs/include/dobot_msgs/dobot_msgs/srv/execute_homing_procedure.h
[0.629s] -- Up-to-date: /home/ssafy/magician_ros2_control_system_ws/install/dobot_msgs/include/dobot_msgs/dobot_msgs/action
[0.629s] -- Up-to-date: /home/ssafy/magician_ros2_control_system_ws/install/dobot_msgs/include/dobot_msgs/dobot_msgs/action/point_to_point.h
[0.630s] -- Up-to-date: /home/ssafy/magician_ros2_control_system_ws/install/dobot_msgs/include/dobot_msgs/dobot_msgs/action/sliding_rail.h
[0.630s] -- Up-to-date: /home/ssafy/magician_ros2_control_system_ws/install/dobot_msgs/include/dobot_msgs/dobot_msgs/action/detail
[0.630s] -- Up-to-date: /home/ssafy/magician_ros2_control_system_ws/install/dobot_msgs/include/dobot_msgs/dobot_msgs/action/detail/sliding_rail__struct.h
[0.630s] -- Up-to-date: /home/ssafy/magician_ros2_control_system_ws/install/dobot_msgs/include/dobot_msgs/dobot_msgs/action/detail/sliding_rail__functions.c
[0.630s] -- Up-to-date: /home/ssafy/magician_ros2_control_system_ws/install/dobot_msgs/include/dobot_msgs/dobot_msgs/action/detail/sliding_rail__functions.h
[0.630s] -- Up-to-date: /home/ssafy/magician_ros2_control_system_ws/install/dobot_msgs/include/dobot_msgs/dobot_msgs/action/detail/point_to_point__functions.c
[0.630s] -- Up-to-date: /home/ssafy/magician_ros2_control_system_ws/install/dobot_msgs/include/dobot_msgs/dobot_msgs/action/detail/point_to_point__struct.h
[0.630s] -- Up-to-date: /home/ssafy/magician_ros2_control_system_ws/install/dobot_msgs/include/dobot_msgs/dobot_msgs/action/detail/point_to_point__functions.h
[0.630s] -- Up-to-date: /home/ssafy/magician_ros2_control_system_ws/install/dobot_msgs/include/dobot_msgs/dobot_msgs/action/detail/point_to_point__type_support.h
[0.630s] -- Up-to-date: /home/ssafy/magician_ros2_control_system_ws/install/dobot_msgs/include/dobot_msgs/dobot_msgs/action/detail/sliding_rail__type_support.h
[0.630s] -- Up-to-date: /home/ssafy/magician_ros2_control_system_ws/install/dobot_msgs/include/dobot_msgs/dobot_msgs/msg
[0.630s] -- Up-to-date: /home/ssafy/magician_ros2_control_system_ws/install/dobot_msgs/include/dobot_msgs/dobot_msgs/msg/dobot_alarm_codes.h
[0.630s] -- Up-to-date: /home/ssafy/magician_ros2_control_system_ws/install/dobot_msgs/include/dobot_msgs/dobot_msgs/msg/gripper_status.h
[0.630s] -- Up-to-date: /home/ssafy/magician_ros2_control_system_ws/install/dobot_msgs/include/dobot_msgs/dobot_msgs/msg/rosidl_generator_c__visibility_control.h
[0.630s] -- Up-to-date: /home/ssafy/magician_ros2_control_system_ws/install/dobot_msgs/include/dobot_msgs/dobot_msgs/msg/detail
[0.630s] -- Up-to-date: /home/ssafy/magician_ros2_control_system_ws/install/dobot_msgs/include/dobot_msgs/dobot_msgs/msg/detail/gripper_status__functions.h
[0.630s] -- Up-to-date: /home/ssafy/magician_ros2_control_system_ws/install/dobot_msgs/include/dobot_msgs/dobot_msgs/msg/detail/gripper_status__struct.h
[0.630s] -- Up-to-date: /home/ssafy/magician_ros2_control_system_ws/install/dobot_msgs/include/dobot_msgs/dobot_msgs/msg/detail/gripper_status__functions.c
[0.630s] -- Up-to-date: /home/ssafy/magician_ros2_control_system_ws/install/dobot_msgs/include/dobot_msgs/dobot_msgs/msg/detail/dobot_alarm_codes__struct.h
[0.630s] -- Up-to-date: /home/ssafy/magician_ros2_control_system_ws/install/dobot_msgs/include/dobot_msgs/dobot_msgs/msg/detail/dobot_alarm_codes__type_support.h
[0.630s] -- Up-to-date: /home/ssafy/magician_ros2_control_system_ws/install/dobot_msgs/include/dobot_msgs/dobot_msgs/msg/detail/dobot_alarm_codes__functions.h
[0.630s] -- Up-to-date: /home/ssafy/magician_ros2_control_system_ws/install/dobot_msgs/include/dobot_msgs/dobot_msgs/msg/detail/dobot_alarm_codes__functions.c
[0.631s] -- Up-to-date: /home/ssafy/magician_ros2_control_system_ws/install/dobot_msgs/include/dobot_msgs/dobot_msgs/msg/detail/gripper_status__type_support.h
[0.631s] -- Up-to-date: /home/ssafy/magician_ros2_control_system_ws/install/dobot_msgs/share/dobot_msgs/environment/library_path.sh
[0.631s] -- Up-to-date: /home/ssafy/magician_ros2_control_system_ws/install/dobot_msgs/share/dobot_msgs/environment/library_path.dsv
[0.631s] -- Up-to-date: /home/ssafy/magician_ros2_control_system_ws/install/dobot_msgs/lib/libdobot_msgs__rosidl_generator_c.so
[0.631s] -- Up-to-date: /home/ssafy/magician_ros2_control_system_ws/install/dobot_msgs/include/dobot_msgs/dobot_msgs
[0.631s] -- Up-to-date: /home/ssafy/magician_ros2_control_system_ws/install/dobot_msgs/include/dobot_msgs/dobot_msgs/srv
[0.631s] -- Up-to-date: /home/ssafy/magician_ros2_control_system_ws/install/dobot_msgs/include/dobot_msgs/dobot_msgs/srv/detail
[0.631s] -- Up-to-date: /home/ssafy/magician_ros2_control_system_ws/install/dobot_msgs/include/dobot_msgs/dobot_msgs/srv/detail/gripper_control__rosidl_typesupport_fastrtps_c.h
[0.631s] -- Up-to-date: /home/ssafy/magician_ros2_control_system_ws/install/dobot_msgs/include/dobot_msgs/dobot_msgs/srv/detail/execute_homing_procedure__rosidl_typesupport_fastrtps_c.h
[0.631s] -- Up-to-date: /home/ssafy/magician_ros2_control_system_ws/install/dobot_msgs/include/dobot_msgs/dobot_msgs/srv/detail/evaluate_ptp_trajectory__rosidl_typesupport_fastrtps_c.h
[0.631s] -- Up-to-date: /home/ssafy/magician_ros2_control_system_ws/install/dobot_msgs/include/dobot_msgs/dobot_msgs/srv/detail/suction_cup_control__rosidl_typesupport_fastrtps_c.h
[0.631s] -- Up-to-date: /home/ssafy/magician_ros2_control_system_ws/install/dobot_msgs/include/dobot_msgs/dobot_msgs/action
[0.631s] -- Up-to-date: /home/ssafy/magician_ros2_control_system_ws/install/dobot_msgs/include/dobot_msgs/dobot_msgs/action/detail
[0.631s] -- Up-to-date: /home/ssafy/magician_ros2_control_system_ws/install/dobot_msgs/include/dobot_msgs/dobot_msgs/action/detail/point_to_point__rosidl_typesupport_fastrtps_c.h
[0.631s] -- Up-to-date: /home/ssafy/magician_ros2_control_system_ws/install/dobot_msgs/include/dobot_msgs/dobot_msgs/action/detail/sliding_rail__rosidl_typesupport_fastrtps_c.h
[0.631s] -- Up-to-date: /home/ssafy/magician_ros2_control_system_ws/install/dobot_msgs/include/dobot_msgs/dobot_msgs/msg
[0.631s] -- Up-to-date: /home/ssafy/magician_ros2_control_system_ws/install/dobot_msgs/include/dobot_msgs/dobot_msgs/msg/rosidl_typesupport_fastrtps_c__visibility_control.h
[0.631s] -- Up-to-date: /home/ssafy/magician_ros2_control_system_ws/install/dobot_msgs/include/dobot_msgs/dobot_msgs/msg/detail
[0.631s] -- Up-to-date: /home/ssafy/magician_ros2_control_system_ws/install/dobot_msgs/include/dobot_msgs/dobot_msgs/msg/detail/dobot_alarm_codes__rosidl_typesupport_fastrtps_c.h
[0.631s] -- Up-to-date: /home/ssafy/magician_ros2_control_system_ws/install/dobot_msgs/include/dobot_msgs/dobot_msgs/msg/detail/gripper_status__rosidl_typesupport_fastrtps_c.h
[0.631s] -- Up-to-date: /home/ssafy/magician_ros2_control_system_ws/install/dobot_msgs/lib/libdobot_msgs__rosidl_typesupport_fastrtps_c.so
[0.631s] -- Up-to-date: /home/ssafy/magician_ros2_control_system_ws/install/dobot_msgs/include/dobot_msgs/dobot_msgs
[0.631s] -- Up-to-date: /home/ssafy/magician_ros2_control_system_ws/install/dobot_msgs/include/dobot_msgs/dobot_msgs/srv
[0.632s] -- Up-to-date: /home/ssafy/magician_ros2_control_system_ws/install/dobot_msgs/include/dobot_msgs/dobot_msgs/srv/detail
[0.632s] -- Up-to-date: /home/ssafy/magician_ros2_control_system_ws/install/dobot_msgs/include/dobot_msgs/dobot_msgs/srv/detail/suction_cup_control__type_support.c
[0.632s] -- Up-to-date: /home/ssafy/magician_ros2_control_system_ws/install/dobot_msgs/include/dobot_msgs/dobot_msgs/srv/detail/suction_cup_control__rosidl_typesupport_introspection_c.h
[0.632s] -- Up-to-date: /home/ssafy/magician_ros2_control_system_ws/install/dobot_msgs/include/dobot_msgs/dobot_msgs/srv/detail/gripper_control__rosidl_typesupport_introspection_c.h
[0.632s] -- Up-to-date: /home/ssafy/magician_ros2_control_system_ws/install/dobot_msgs/include/dobot_msgs/dobot_msgs/srv/detail/evaluate_ptp_trajectory__rosidl_typesupport_introspection_c.h
[0.632s] -- Up-to-date: /home/ssafy/magician_ros2_control_system_ws/install/dobot_msgs/include/dobot_msgs/dobot_msgs/srv/detail/execute_homing_procedure__type_support.c
[0.632s] -- Up-to-date: /home/ssafy/magician_ros2_control_system_ws/install/dobot_msgs/include/dobot_msgs/dobot_msgs/srv/detail/evaluate_ptp_trajectory__type_support.c
[0.632s] -- Up-to-date: /home/ssafy/magician_ros2_control_system_ws/install/dobot_msgs/include/dobot_msgs/dobot_msgs/srv/detail/gripper_control__type_support.c
[0.632s] -- Up-to-date: /home/ssafy/magician_ros2_control_system_ws/install/dobot_msgs/include/dobot_msgs/dobot_msgs/srv/detail/execute_homing_procedure__rosidl_typesupport_introspection_c.h
[0.632s] -- Up-to-date: /home/ssafy/magician_ros2_control_system_ws/install/dobot_msgs/include/dobot_msgs/dobot_msgs/action
[0.632s] -- Up-to-date: /home/ssafy/magician_ros2_control_system_ws/install/dobot_msgs/include/dobot_msgs/dobot_msgs/action/detail
[0.632s] -- Up-to-date: /home/ssafy/magician_ros2_control_system_ws/install/dobot_msgs/include/dobot_msgs/dobot_msgs/action/detail/sliding_rail__type_support.c
[0.632s] -- Up-to-date: /home/ssafy/magician_ros2_control_system_ws/install/dobot_msgs/include/dobot_msgs/dobot_msgs/action/detail/sliding_rail__rosidl_typesupport_introspection_c.h
[0.632s] -- Up-to-date: /home/ssafy/magician_ros2_control_system_ws/install/dobot_msgs/include/dobot_msgs/dobot_msgs/action/detail/point_to_point__rosidl_typesupport_introspection_c.h
[0.632s] -- Up-to-date: /home/ssafy/magician_ros2_control_system_ws/install/dobot_msgs/include/dobot_msgs/dobot_msgs/action/detail/point_to_point__type_support.c
[0.632s] -- Up-to-date: /home/ssafy/magician_ros2_control_system_ws/install/dobot_msgs/include/dobot_msgs/dobot_msgs/msg
[0.632s] -- Up-to-date: /home/ssafy/magician_ros2_control_system_ws/install/dobot_msgs/include/dobot_msgs/dobot_msgs/msg/rosidl_typesupport_introspection_c__visibility_control.h
[0.633s] -- Up-to-date: /home/ssafy/magician_ros2_control_system_ws/install/dobot_msgs/include/dobot_msgs/dobot_msgs/msg/detail
[0.633s] -- Up-to-date: /home/ssafy/magician_ros2_control_system_ws/install/dobot_msgs/include/dobot_msgs/dobot_msgs/msg/detail/dobot_alarm_codes__rosidl_typesupport_introspection_c.h
[0.633s] -- Up-to-date: /home/ssafy/magician_ros2_control_system_ws/install/dobot_msgs/include/dobot_msgs/dobot_msgs/msg/detail/dobot_alarm_codes__type_support.c
[0.633s] -- Up-to-date: /home/ssafy/magician_ros2_control_system_ws/install/dobot_msgs/include/dobot_msgs/dobot_msgs/msg/detail/gripper_status__type_support.c
[0.633s] -- Up-to-date: /home/ssafy/magician_ros2_control_system_ws/install/dobot_msgs/include/dobot_msgs/dobot_msgs/msg/detail/gripper_status__rosidl_typesupport_introspection_c.h
[0.633s] -- Up-to-date: /home/ssafy/magician_ros2_control_system_ws/install/dobot_msgs/lib/libdobot_msgs__rosidl_typesupport_introspection_c.so
[0.633s] -- Up-to-date: /home/ssafy/magician_ros2_control_system_ws/install/dobot_msgs/lib/libdobot_msgs__rosidl_typesupport_c.so
[0.633s] -- Up-to-date: /home/ssafy/magician_ros2_control_system_ws/install/dobot_msgs/include/dobot_msgs/dobot_msgs
[0.633s] -- Up-to-date: /home/ssafy/magician_ros2_control_system_ws/install/dobot_msgs/include/dobot_msgs/dobot_msgs/srv
[0.633s] -- Up-to-date: /home/ssafy/magician_ros2_control_system_ws/install/dobot_msgs/include/dobot_msgs/dobot_msgs/srv/gripper_control.hpp
[0.633s] -- Up-to-date: /home/ssafy/magician_ros2_control_system_ws/install/dobot_msgs/include/dobot_msgs/dobot_msgs/srv/suction_cup_control.hpp
[0.633s] -- Up-to-date: /home/ssafy/magician_ros2_control_system_ws/install/dobot_msgs/include/dobot_msgs/dobot_msgs/srv/execute_homing_procedure.hpp
[0.633s] -- Up-to-date: /home/ssafy/magician_ros2_control_system_ws/install/dobot_msgs/include/dobot_msgs/dobot_msgs/srv/evaluate_ptp_trajectory.hpp
[0.633s] -- Up-to-date: /home/ssafy/magician_ros2_control_system_ws/install/dobot_msgs/include/dobot_msgs/dobot_msgs/srv/detail
[0.633s] -- Up-to-date: /home/ssafy/magician_ros2_control_system_ws/install/dobot_msgs/include/dobot_msgs/dobot_msgs/srv/detail/suction_cup_control__struct.hpp
[0.633s] -- Up-to-date: /home/ssafy/magician_ros2_control_system_ws/install/dobot_msgs/include/dobot_msgs/dobot_msgs/srv/detail/execute_homing_procedure__type_support.hpp
[0.633s] -- Up-to-date: /home/ssafy/magician_ros2_control_system_ws/install/dobot_msgs/include/dobot_msgs/dobot_msgs/srv/detail/execute_homing_procedure__builder.hpp
[0.633s] -- Up-to-date: /home/ssafy/magician_ros2_control_system_ws/install/dobot_msgs/include/dobot_msgs/dobot_msgs/srv/detail/execute_homing_procedure__traits.hpp
[0.633s] -- Up-to-date: /home/ssafy/magician_ros2_control_system_ws/install/dobot_msgs/include/dobot_msgs/dobot_msgs/srv/detail/suction_cup_control__traits.hpp
[0.633s] -- Up-to-date: /home/ssafy/magician_ros2_control_system_ws/install/dobot_msgs/include/dobot_msgs/dobot_msgs/srv/detail/gripper_control__builder.hpp
[0.633s] -- Up-to-date: /home/ssafy/magician_ros2_control_system_ws/install/dobot_msgs/include/dobot_msgs/dobot_msgs/srv/detail/execute_homing_procedure__struct.hpp
[0.633s] -- Up-to-date: /home/ssafy/magician_ros2_control_system_ws/install/dobot_msgs/include/dobot_msgs/dobot_msgs/srv/detail/evaluate_ptp_trajectory__builder.hpp
[0.633s] -- Up-to-date: /home/ssafy/magician_ros2_control_system_ws/install/dobot_msgs/include/dobot_msgs/dobot_msgs/srv/detail/gripper_control__type_support.hpp
[0.633s] -- Up-to-date: /home/ssafy/magician_ros2_control_system_ws/install/dobot_msgs/include/dobot_msgs/dobot_msgs/srv/detail/gripper_control__traits.hpp
[0.633s] -- Up-to-date: /home/ssafy/magician_ros2_control_system_ws/install/dobot_msgs/include/dobot_msgs/dobot_msgs/srv/detail/evaluate_ptp_trajectory__traits.hpp
[0.633s] -- Up-to-date: /home/ssafy/magician_ros2_control_system_ws/install/dobot_msgs/include/dobot_msgs/dobot_msgs/srv/detail/suction_cup_control__type_support.hpp
[0.633s] -- Up-to-date: /home/ssafy/magician_ros2_control_system_ws/install/dobot_msgs/include/dobot_msgs/dobot_msgs/srv/detail/gripper_control__struct.hpp
[0.633s] -- Up-to-date: /home/ssafy/magician_ros2_control_system_ws/install/dobot_msgs/include/dobot_msgs/dobot_msgs/srv/detail/evaluate_ptp_trajectory__type_support.hpp
[0.633s] -- Up-to-date: /home/ssafy/magician_ros2_control_system_ws/install/dobot_msgs/include/dobot_msgs/dobot_msgs/srv/detail/evaluate_ptp_trajectory__struct.hpp
[0.633s] -- Up-to-date: /home/ssafy/magician_ros2_control_system_ws/install/dobot_msgs/include/dobot_msgs/dobot_msgs/srv/detail/suction_cup_control__builder.hpp
[0.633s] -- Up-to-date: /home/ssafy/magician_ros2_control_system_ws/install/dobot_msgs/include/dobot_msgs/dobot_msgs/action
[0.633s] -- Up-to-date: /home/ssafy/magician_ros2_control_system_ws/install/dobot_msgs/include/dobot_msgs/dobot_msgs/action/sliding_rail.hpp
[0.633s] -- Up-to-date: /home/ssafy/magician_ros2_control_system_ws/install/dobot_msgs/include/dobot_msgs/dobot_msgs/action/point_to_point.hpp
[0.633s] -- Up-to-date: /home/ssafy/magician_ros2_control_system_ws/install/dobot_msgs/include/dobot_msgs/dobot_msgs/action/detail
[0.633s] -- Up-to-date: /home/ssafy/magician_ros2_control_system_ws/install/dobot_msgs/include/dobot_msgs/dobot_msgs/action/detail/sliding_rail__struct.hpp
[0.633s] -- Up-to-date: /home/ssafy/magician_ros2_control_system_ws/install/dobot_msgs/include/dobot_msgs/dobot_msgs/action/detail/point_to_point__builder.hpp
[0.633s] -- Up-to-date: /home/ssafy/magician_ros2_control_system_ws/install/dobot_msgs/include/dobot_msgs/dobot_msgs/action/detail/point_to_point__struct.hpp
[0.634s] -- Up-to-date: /home/ssafy/magician_ros2_control_system_ws/install/dobot_msgs/include/dobot_msgs/dobot_msgs/action/detail/sliding_rail__builder.hpp
[0.634s] -- Up-to-date: /home/ssafy/magician_ros2_control_system_ws/install/dobot_msgs/include/dobot_msgs/dobot_msgs/action/detail/sliding_rail__type_support.hpp
[0.634s] -- Up-to-date: /home/ssafy/magician_ros2_control_system_ws/install/dobot_msgs/include/dobot_msgs/dobot_msgs/action/detail/point_to_point__traits.hpp
[0.634s] -- Up-to-date: /home/ssafy/magician_ros2_control_system_ws/install/dobot_msgs/include/dobot_msgs/dobot_msgs/action/detail/point_to_point__type_support.hpp
[0.634s] -- Up-to-date: /home/ssafy/magician_ros2_control_system_ws/install/dobot_msgs/include/dobot_msgs/dobot_msgs/action/detail/sliding_rail__traits.hpp
[0.634s] -- Up-to-date: /home/ssafy/magician_ros2_control_system_ws/install/dobot_msgs/include/dobot_msgs/dobot_msgs/msg
[0.634s] -- Up-to-date: /home/ssafy/magician_ros2_control_system_ws/install/dobot_msgs/include/dobot_msgs/dobot_msgs/msg/gripper_status.hpp
[0.634s] -- Up-to-date: /home/ssafy/magician_ros2_control_system_ws/install/dobot_msgs/include/dobot_msgs/dobot_msgs/msg/dobot_alarm_codes.hpp
[0.634s] -- Up-to-date: /home/ssafy/magician_ros2_control_system_ws/install/dobot_msgs/include/dobot_msgs/dobot_msgs/msg/detail
[0.634s] -- Up-to-date: /home/ssafy/magician_ros2_control_system_ws/install/dobot_msgs/include/dobot_msgs/dobot_msgs/msg/detail/dobot_alarm_codes__builder.hpp
[0.634s] -- Up-to-date: /home/ssafy/magician_ros2_control_system_ws/install/dobot_msgs/include/dobot_msgs/dobot_msgs/msg/detail/gripper_status__traits.hpp
[0.634s] -- Up-to-date: /home/ssafy/magician_ros2_control_system_ws/install/dobot_msgs/include/dobot_msgs/dobot_msgs/msg/detail/gripper_status__builder.hpp
[0.634s] -- Up-to-date: /home/ssafy/magician_ros2_control_system_ws/install/dobot_msgs/include/dobot_msgs/dobot_msgs/msg/detail/dobot_alarm_codes__traits.hpp
[0.634s] -- Up-to-date: /home/ssafy/magician_ros2_control_system_ws/install/dobot_msgs/include/dobot_msgs/dobot_msgs/msg/detail/gripper_status__struct.hpp
[0.634s] -- Up-to-date: /home/ssafy/magician_ros2_control_system_ws/install/dobot_msgs/include/dobot_msgs/dobot_msgs/msg/detail/gripper_status__type_support.hpp
[0.634s] -- Up-to-date: /home/ssafy/magician_ros2_control_system_ws/install/dobot_msgs/include/dobot_msgs/dobot_msgs/msg/detail/dobot_alarm_codes__struct.hpp
[0.634s] -- Up-to-date: /home/ssafy/magician_ros2_control_system_ws/install/dobot_msgs/include/dobot_msgs/dobot_msgs/msg/detail/dobot_alarm_codes__type_support.hpp
[0.634s] -- Up-to-date: /home/ssafy/magician_ros2_control_system_ws/install/dobot_msgs/include/dobot_msgs/dobot_msgs/msg/rosidl_generator_cpp__visibility_control.hpp
[0.634s] -- Up-to-date: /home/ssafy/magician_ros2_control_system_ws/install/dobot_msgs/include/dobot_msgs/dobot_msgs
[0.634s] -- Up-to-date: /home/ssafy/magician_ros2_control_system_ws/install/dobot_msgs/include/dobot_msgs/dobot_msgs/srv
[0.634s] -- Up-to-date: /home/ssafy/magician_ros2_control_system_ws/install/dobot_msgs/include/dobot_msgs/dobot_msgs/srv/detail
[0.634s] -- Up-to-date: /home/ssafy/magician_ros2_control_system_ws/install/dobot_msgs/include/dobot_msgs/dobot_msgs/srv/detail/gripper_control__rosidl_typesupport_fastrtps_cpp.hpp
[0.634s] -- Up-to-date: /home/ssafy/magician_ros2_control_system_ws/install/dobot_msgs/include/dobot_msgs/dobot_msgs/srv/detail/suction_cup_control__rosidl_typesupport_fastrtps_cpp.hpp
[0.634s] -- Up-to-date: /home/ssafy/magician_ros2_control_system_ws/install/dobot_msgs/include/dobot_msgs/dobot_msgs/srv/detail/dds_fastrtps
[0.634s] -- Up-to-date: /home/ssafy/magician_ros2_control_system_ws/install/dobot_msgs/include/dobot_msgs/dobot_msgs/srv/detail/execute_homing_procedure__rosidl_typesupport_fastrtps_cpp.hpp
[0.634s] -- Up-to-date: /home/ssafy/magician_ros2_control_system_ws/install/dobot_msgs/include/dobot_msgs/dobot_msgs/srv/detail/evaluate_ptp_trajectory__rosidl_typesupport_fastrtps_cpp.hpp
[0.634s] -- Up-to-date: /home/ssafy/magician_ros2_control_system_ws/install/dobot_msgs/include/dobot_msgs/dobot_msgs/action
[0.634s] -- Up-to-date: /home/ssafy/magician_ros2_control_system_ws/install/dobot_msgs/include/dobot_msgs/dobot_msgs/action/detail
[0.634s] -- Up-to-date: /home/ssafy/magician_ros2_control_system_ws/install/dobot_msgs/include/dobot_msgs/dobot_msgs/action/detail/point_to_point__rosidl_typesupport_fastrtps_cpp.hpp
[0.634s] -- Up-to-date: /home/ssafy/magician_ros2_control_system_ws/install/dobot_msgs/include/dobot_msgs/dobot_msgs/action/detail/sliding_rail__rosidl_typesupport_fastrtps_cpp.hpp
[0.634s] -- Up-to-date: /home/ssafy/magician_ros2_control_system_ws/install/dobot_msgs/include/dobot_msgs/dobot_msgs/action/detail/dds_fastrtps
[0.634s] -- Up-to-date: /home/ssafy/magician_ros2_control_system_ws/install/dobot_msgs/include/dobot_msgs/dobot_msgs/msg
[0.634s] -- Up-to-date: /home/ssafy/magician_ros2_control_system_ws/install/dobot_msgs/include/dobot_msgs/dobot_msgs/msg/rosidl_typesupport_fastrtps_cpp__visibility_control.h
[0.634s] -- Up-to-date: /home/ssafy/magician_ros2_control_system_ws/install/dobot_msgs/include/dobot_msgs/dobot_msgs/msg/detail
[0.634s] -- Up-to-date: /home/ssafy/magician_ros2_control_system_ws/install/dobot_msgs/include/dobot_msgs/dobot_msgs/msg/detail/dobot_alarm_codes__rosidl_typesupport_fastrtps_cpp.hpp
[0.634s] -- Up-to-date: /home/ssafy/magician_ros2_control_system_ws/install/dobot_msgs/include/dobot_msgs/dobot_msgs/msg/detail/gripper_status__rosidl_typesupport_fastrtps_cpp.hpp
[0.634s] -- Up-to-date: /home/ssafy/magician_ros2_control_system_ws/install/dobot_msgs/include/dobot_msgs/dobot_msgs/msg/detail/dds_fastrtps
[0.634s] -- Up-to-date: /home/ssafy/magician_ros2_control_system_ws/install/dobot_msgs/lib/libdobot_msgs__rosidl_typesupport_fastrtps_cpp.so
[0.635s] -- Up-to-date: /home/ssafy/magician_ros2_control_system_ws/install/dobot_msgs/include/dobot_msgs/dobot_msgs
[0.635s] -- Up-to-date: /home/ssafy/magician_ros2_control_system_ws/install/dobot_msgs/include/dobot_msgs/dobot_msgs/srv
[0.635s] -- Up-to-date: /home/ssafy/magician_ros2_control_system_ws/install/dobot_msgs/include/dobot_msgs/dobot_msgs/srv/detail
[0.635s] -- Up-to-date: /home/ssafy/magician_ros2_control_system_ws/install/dobot_msgs/include/dobot_msgs/dobot_msgs/srv/detail/evaluate_ptp_trajectory__rosidl_typesupport_introspection_cpp.hpp
[0.635s] -- Up-to-date: /home/ssafy/magician_ros2_control_system_ws/install/dobot_msgs/include/dobot_msgs/dobot_msgs/srv/detail/execute_homing_procedure__type_support.cpp
[0.635s] -- Up-to-date: /home/ssafy/magician_ros2_control_system_ws/install/dobot_msgs/include/dobot_msgs/dobot_msgs/srv/detail/execute_homing_procedure__rosidl_typesupport_introspection_cpp.hpp
[0.635s] -- Up-to-date: /home/ssafy/magician_ros2_control_system_ws/install/dobot_msgs/include/dobot_msgs/dobot_msgs/srv/detail/gripper_control__rosidl_typesupport_introspection_cpp.hpp
[0.635s] -- Up-to-date: /home/ssafy/magician_ros2_control_system_ws/install/dobot_msgs/include/dobot_msgs/dobot_msgs/srv/detail/gripper_control__type_support.cpp
[0.635s] -- Up-to-date: /home/ssafy/magician_ros2_control_system_ws/install/dobot_msgs/include/dobot_msgs/dobot_msgs/srv/detail/suction_cup_control__type_support.cpp
[0.635s] -- Up-to-date: /home/ssafy/magician_ros2_control_system_ws/install/dobot_msgs/include/dobot_msgs/dobot_msgs/srv/detail/evaluate_ptp_trajectory__type_support.cpp
[0.635s] -- Up-to-date: /home/ssafy/magician_ros2_control_system_ws/install/dobot_msgs/include/dobot_msgs/dobot_msgs/srv/detail/suction_cup_control__rosidl_typesupport_introspection_cpp.hpp
[0.635s] -- Up-to-date: /home/ssafy/magician_ros2_control_system_ws/install/dobot_msgs/include/dobot_msgs/dobot_msgs/action
[0.635s] -- Up-to-date: /home/ssafy/magician_ros2_control_system_ws/install/dobot_msgs/include/dobot_msgs/dobot_msgs/action/detail
[0.635s] -- Up-to-date: /home/ssafy/magician_ros2_control_system_ws/install/dobot_msgs/include/dobot_msgs/dobot_msgs/action/detail/point_to_point__type_support.cpp
[0.635s] -- Up-to-date: /home/ssafy/magician_ros2_control_system_ws/install/dobot_msgs/include/dobot_msgs/dobot_msgs/action/detail/point_to_point__rosidl_typesupport_introspection_cpp.hpp
[0.635s] -- Up-to-date: /home/ssafy/magician_ros2_control_system_ws/install/dobot_msgs/include/dobot_msgs/dobot_msgs/action/detail/sliding_rail__rosidl_typesupport_introspection_cpp.hpp
[0.635s] -- Up-to-date: /home/ssafy/magician_ros2_control_system_ws/install/dobot_msgs/include/dobot_msgs/dobot_msgs/action/detail/sliding_rail__type_support.cpp
[0.635s] -- Up-to-date: /home/ssafy/magician_ros2_control_system_ws/install/dobot_msgs/include/dobot_msgs/dobot_msgs/msg
[0.635s] -- Up-to-date: /home/ssafy/magician_ros2_control_system_ws/install/dobot_msgs/include/dobot_msgs/dobot_msgs/msg/detail
[0.635s] -- Up-to-date: /home/ssafy/magician_ros2_control_system_ws/install/dobot_msgs/include/dobot_msgs/dobot_msgs/msg/detail/dobot_alarm_codes__type_support.cpp
[0.635s] -- Up-to-date: /home/ssafy/magician_ros2_control_system_ws/install/dobot_msgs/include/dobot_msgs/dobot_msgs/msg/detail/gripper_status__type_support.cpp
[0.635s] -- Up-to-date: /home/ssafy/magician_ros2_control_system_ws/install/dobot_msgs/include/dobot_msgs/dobot_msgs/msg/detail/dobot_alarm_codes__rosidl_typesupport_introspection_cpp.hpp
[0.636s] -- Up-to-date: /home/ssafy/magician_ros2_control_system_ws/install/dobot_msgs/include/dobot_msgs/dobot_msgs/msg/detail/gripper_status__rosidl_typesupport_introspection_cpp.hpp
[0.636s] -- Up-to-date: /home/ssafy/magician_ros2_control_system_ws/install/dobot_msgs/lib/libdobot_msgs__rosidl_typesupport_introspection_cpp.so
[0.636s] -- Up-to-date: /home/ssafy/magician_ros2_control_system_ws/install/dobot_msgs/lib/libdobot_msgs__rosidl_typesupport_cpp.so
[0.636s] -- Up-to-date: /home/ssafy/magician_ros2_control_system_ws/install/dobot_msgs/share/dobot_msgs/environment/pythonpath.sh
[0.636s] -- Up-to-date: /home/ssafy/magician_ros2_control_system_ws/install/dobot_msgs/share/dobot_msgs/environment/pythonpath.dsv
[0.636s] -- Up-to-date: /home/ssafy/magician_ros2_control_system_ws/install/dobot_msgs/local/lib/python3.10/dist-packages/dobot_msgs-1.0.0-py3.10.egg-info
[0.636s] -- Installing: /home/ssafy/magician_ros2_control_system_ws/install/dobot_msgs/local/lib/python3.10/dist-packages/dobot_msgs-1.0.0-py3.10.egg-info/PKG-INFO
[0.636s] -- Installing: /home/ssafy/magician_ros2_control_system_ws/install/dobot_msgs/local/lib/python3.10/dist-packages/dobot_msgs-1.0.0-py3.10.egg-info/top_level.txt
[0.636s] -- Installing: /home/ssafy/magician_ros2_control_system_ws/install/dobot_msgs/local/lib/python3.10/dist-packages/dobot_msgs-1.0.0-py3.10.egg-info/SOURCES.txt
[0.636s] -- Installing: /home/ssafy/magician_ros2_control_system_ws/install/dobot_msgs/local/lib/python3.10/dist-packages/dobot_msgs-1.0.0-py3.10.egg-info/dependency_links.txt
[0.636s] -- Up-to-date: /home/ssafy/magician_ros2_control_system_ws/install/dobot_msgs/local/lib/python3.10/dist-packages/dobot_msgs
[0.636s] -- Up-to-date: /home/ssafy/magician_ros2_control_system_ws/install/dobot_msgs/local/lib/python3.10/dist-packages/dobot_msgs/srv
[0.636s] -- Up-to-date: /home/ssafy/magician_ros2_control_system_ws/install/dobot_msgs/local/lib/python3.10/dist-packages/dobot_msgs/srv/_gripper_control_s.c
[0.636s] -- Up-to-date: /home/ssafy/magician_ros2_control_system_ws/install/dobot_msgs/local/lib/python3.10/dist-packages/dobot_msgs/srv/_suction_cup_control.py
[0.636s] -- Up-to-date: /home/ssafy/magician_ros2_control_system_ws/install/dobot_msgs/local/lib/python3.10/dist-packages/dobot_msgs/srv/_suction_cup_control_s.c
[0.636s] -- Up-to-date: /home/ssafy/magician_ros2_control_system_ws/install/dobot_msgs/local/lib/python3.10/dist-packages/dobot_msgs/srv/_evaluate_ptp_trajectory.py
[0.636s] -- Up-to-date: /home/ssafy/magician_ros2_control_system_ws/install/dobot_msgs/local/lib/python3.10/dist-packages/dobot_msgs/srv/_gripper_control.py
[0.636s] -- Up-to-date: /home/ssafy/magician_ros2_control_system_ws/install/dobot_msgs/local/lib/python3.10/dist-packages/dobot_msgs/srv/_execute_homing_procedure.py
[0.636s] -- Up-to-date: /home/ssafy/magician_ros2_control_system_ws/install/dobot_msgs/local/lib/python3.10/dist-packages/dobot_msgs/srv/__init__.py
[0.636s] -- Up-to-date: /home/ssafy/magician_ros2_control_system_ws/install/dobot_msgs/local/lib/python3.10/dist-packages/dobot_msgs/srv/_evaluate_ptp_trajectory_s.c
[0.636s] -- Up-to-date: /home/ssafy/magician_ros2_control_system_ws/install/dobot_msgs/local/lib/python3.10/dist-packages/dobot_msgs/srv/_execute_homing_procedure_s.c
[0.636s] -- Up-to-date: /home/ssafy/magician_ros2_control_system_ws/install/dobot_msgs/local/lib/python3.10/dist-packages/dobot_msgs/action
[0.636s] -- Up-to-date: /home/ssafy/magician_ros2_control_system_ws/install/dobot_msgs/local/lib/python3.10/dist-packages/dobot_msgs/action/_point_to_point_s.c
[0.636s] -- Up-to-date: /home/ssafy/magician_ros2_control_system_ws/install/dobot_msgs/local/lib/python3.10/dist-packages/dobot_msgs/action/_sliding_rail_s.c
[0.636s] -- Up-to-date: /home/ssafy/magician_ros2_control_system_ws/install/dobot_msgs/local/lib/python3.10/dist-packages/dobot_msgs/action/_point_to_point.py
[0.636s] -- Up-to-date: /home/ssafy/magician_ros2_control_system_ws/install/dobot_msgs/local/lib/python3.10/dist-packages/dobot_msgs/action/__init__.py
[0.636s] -- Up-to-date: /home/ssafy/magician_ros2_control_system_ws/install/dobot_msgs/local/lib/python3.10/dist-packages/dobot_msgs/action/_sliding_rail.py
[0.636s] -- Up-to-date: /home/ssafy/magician_ros2_control_system_ws/install/dobot_msgs/local/lib/python3.10/dist-packages/dobot_msgs/dobot_msgs_s__rosidl_typesupport_c.cpython-310-x86_64-linux-gnu.so
[0.636s] -- Up-to-date: /home/ssafy/magician_ros2_control_system_ws/install/dobot_msgs/local/lib/python3.10/dist-packages/dobot_msgs/dobot_msgs_s__rosidl_typesupport_introspection_c.cpython-310-x86_64-linux-gnu.so
[0.636s] -- Up-to-date: /home/ssafy/magician_ros2_control_system_ws/install/dobot_msgs/local/lib/python3.10/dist-packages/dobot_msgs/_dobot_msgs_s.ep.rosidl_typesupport_c.c
[0.636s] -- Up-to-date: /home/ssafy/magician_ros2_control_system_ws/install/dobot_msgs/local/lib/python3.10/dist-packages/dobot_msgs/_dobot_msgs_s.ep.rosidl_typesupport_introspection_c.c
[0.636s] -- Up-to-date: /home/ssafy/magician_ros2_control_system_ws/install/dobot_msgs/local/lib/python3.10/dist-packages/dobot_msgs/__init__.py
[0.637s] -- Up-to-date: /home/ssafy/magician_ros2_control_system_ws/install/dobot_msgs/local/lib/python3.10/dist-packages/dobot_msgs/msg
[0.637s] -- Up-to-date: /home/ssafy/magician_ros2_control_system_ws/install/dobot_msgs/local/lib/python3.10/dist-packages/dobot_msgs/msg/_dobot_alarm_codes_s.c
[0.637s] -- Up-to-date: /home/ssafy/magician_ros2_control_system_ws/install/dobot_msgs/local/lib/python3.10/dist-packages/dobot_msgs/msg/_dobot_alarm_codes.py
[0.637s] -- Up-to-date: /home/ssafy/magician_ros2_control_system_ws/install/dobot_msgs/local/lib/python3.10/dist-packages/dobot_msgs/msg/_gripper_status.py
[0.637s] -- Up-to-date: /home/ssafy/magician_ros2_control_system_ws/install/dobot_msgs/local/lib/python3.10/dist-packages/dobot_msgs/msg/__init__.py
[0.637s] -- Up-to-date: /home/ssafy/magician_ros2_control_system_ws/install/dobot_msgs/local/lib/python3.10/dist-packages/dobot_msgs/msg/_gripper_status_s.c
[0.637s] -- Up-to-date: /home/ssafy/magician_ros2_control_system_ws/install/dobot_msgs/local/lib/python3.10/dist-packages/dobot_msgs/libdobot_msgs__rosidl_generator_py.so
[0.637s] -- Up-to-date: /home/ssafy/magician_ros2_control_system_ws/install/dobot_msgs/local/lib/python3.10/dist-packages/dobot_msgs/_dobot_msgs_s.ep.rosidl_typesupport_fastrtps_c.c
[0.637s] -- Up-to-date: /home/ssafy/magician_ros2_control_system_ws/install/dobot_msgs/local/lib/python3.10/dist-packages/dobot_msgs/dobot_msgs_s__rosidl_typesupport_fastrtps_c.cpython-310-x86_64-linux-gnu.so
[0.660s] Listing '/home/ssafy/magician_ros2_control_system_ws/install/dobot_msgs/local/lib/python3.10/dist-packages/dobot_msgs'...
[0.660s] Listing '/home/ssafy/magician_ros2_control_system_ws/install/dobot_msgs/local/lib/python3.10/dist-packages/dobot_msgs/action'...
[0.660s] Listing '/home/ssafy/magician_ros2_control_system_ws/install/dobot_msgs/local/lib/python3.10/dist-packages/dobot_msgs/msg'...
[0.660s] Listing '/home/ssafy/magician_ros2_control_system_ws/install/dobot_msgs/local/lib/python3.10/dist-packages/dobot_msgs/srv'...
[0.664s] -- Up-to-date: /home/ssafy/magician_ros2_control_system_ws/install/dobot_msgs/local/lib/python3.10/dist-packages/dobot_msgs/dobot_msgs_s__rosidl_typesupport_fastrtps_c.cpython-310-x86_64-linux-gnu.so
[0.664s] -- Up-to-date: /home/ssafy/magician_ros2_control_system_ws/install/dobot_msgs/local/lib/python3.10/dist-packages/dobot_msgs/dobot_msgs_s__rosidl_typesupport_introspection_c.cpython-310-x86_64-linux-gnu.so
[0.664s] -- Up-to-date: /home/ssafy/magician_ros2_control_system_ws/install/dobot_msgs/local/lib/python3.10/dist-packages/dobot_msgs/dobot_msgs_s__rosidl_typesupport_c.cpython-310-x86_64-linux-gnu.so
[0.664s] -- Up-to-date: /home/ssafy/magician_ros2_control_system_ws/install/dobot_msgs/lib/libdobot_msgs__rosidl_generator_py.so
[0.665s] -- Up-to-date: /home/ssafy/magician_ros2_control_system_ws/install/dobot_msgs/share/dobot_msgs/action/PointToPoint.idl
[0.665s] -- Up-to-date: /home/ssafy/magician_ros2_control_system_ws/install/dobot_msgs/share/dobot_msgs/action/SlidingRail.idl
[0.665s] -- Up-to-date: /home/ssafy/magician_ros2_control_system_ws/install/dobot_msgs/share/dobot_msgs/msg/DobotAlarmCodes.idl
[0.665s] -- Up-to-date: /home/ssafy/magician_ros2_control_system_ws/install/dobot_msgs/share/dobot_msgs/msg/GripperStatus.idl
[0.665s] -- Up-to-date: /home/ssafy/magician_ros2_control_system_ws/install/dobot_msgs/share/dobot_msgs/srv/EvaluatePTPTrajectory.idl
[0.665s] -- Up-to-date: /home/ssafy/magician_ros2_control_system_ws/install/dobot_msgs/share/dobot_msgs/srv/ExecuteHomingProcedure.idl
[0.665s] -- Up-to-date: /home/ssafy/magician_ros2_control_system_ws/install/dobot_msgs/share/dobot_msgs/srv/GripperControl.idl
[0.665s] -- Up-to-date: /home/ssafy/magician_ros2_control_system_ws/install/dobot_msgs/share/dobot_msgs/srv/SuctionCupControl.idl
[0.665s] -- Up-to-date: /home/ssafy/magician_ros2_control_system_ws/install/dobot_msgs/share/dobot_msgs/action/PointToPoint.action
[0.665s] -- Up-to-date: /home/ssafy/magician_ros2_control_system_ws/install/dobot_msgs/share/dobot_msgs/action/SlidingRail.action
[0.665s] -- Up-to-date: /home/ssafy/magician_ros2_control_system_ws/install/dobot_msgs/share/dobot_msgs/msg/DobotAlarmCodes.msg
[0.665s] -- Up-to-date: /home/ssafy/magician_ros2_control_system_ws/install/dobot_msgs/share/dobot_msgs/msg/GripperStatus.msg
[0.665s] -- Up-to-date: /home/ssafy/magician_ros2_control_system_ws/install/dobot_msgs/share/dobot_msgs/srv/EvaluatePTPTrajectory.srv
[0.665s] -- Up-to-date: /home/ssafy/magician_ros2_control_system_ws/install/dobot_msgs/share/dobot_msgs/srv/EvaluatePTPTrajectory_Request.msg
[0.665s] -- Up-to-date: /home/ssafy/magician_ros2_control_system_ws/install/dobot_msgs/share/dobot_msgs/srv/EvaluatePTPTrajectory_Response.msg
[0.665s] -- Up-to-date: /home/ssafy/magician_ros2_control_system_ws/install/dobot_msgs/share/dobot_msgs/srv/ExecuteHomingProcedure.srv
[0.665s] -- Up-to-date: /home/ssafy/magician_ros2_control_system_ws/install/dobot_msgs/share/dobot_msgs/srv/ExecuteHomingProcedure_Request.msg
[0.665s] -- Up-to-date: /home/ssafy/magician_ros2_control_system_ws/install/dobot_msgs/share/dobot_msgs/srv/ExecuteHomingProcedure_Response.msg
[0.665s] -- Up-to-date: /home/ssafy/magician_ros2_control_system_ws/install/dobot_msgs/share/dobot_msgs/srv/GripperControl.srv
[0.666s] -- Up-to-date: /home/ssafy/magician_ros2_control_system_ws/install/dobot_msgs/share/dobot_msgs/srv/GripperControl_Request.msg
[0.666s] -- Up-to-date: /home/ssafy/magician_ros2_control_system_ws/install/dobot_msgs/share/dobot_msgs/srv/GripperControl_Response.msg
[0.666s] -- Up-to-date: /home/ssafy/magician_ros2_control_system_ws/install/dobot_msgs/share/dobot_msgs/srv/SuctionCupControl.srv
[0.666s] -- Up-to-date: /home/ssafy/magician_ros2_control_system_ws/install/dobot_msgs/share/dobot_msgs/srv/SuctionCupControl_Request.msg
[0.666s] -- Up-to-date: /home/ssafy/magician_ros2_control_system_ws/install/dobot_msgs/share/dobot_msgs/srv/SuctionCupControl_Response.msg
[0.666s] -- Up-to-date: /home/ssafy/magician_ros2_control_system_ws/install/dobot_msgs/share/ament_index/resource_index/package_run_dependencies/dobot_msgs
[0.666s] -- Up-to-date: /home/ssafy/magician_ros2_control_system_ws/install/dobot_msgs/share/ament_index/resource_index/parent_prefix_path/dobot_msgs
[0.666s] -- Up-to-date: /home/ssafy/magician_ros2_control_system_ws/install/dobot_msgs/share/dobot_msgs/environment/ament_prefix_path.sh
[0.666s] -- Up-to-date: /home/ssafy/magician_ros2_control_system_ws/install/dobot_msgs/share/dobot_msgs/environment/ament_prefix_path.dsv
[0.666s] -- Up-to-date: /home/ssafy/magician_ros2_control_system_ws/install/dobot_msgs/share/dobot_msgs/environment/path.sh
[0.666s] -- Up-to-date: /home/ssafy/magician_ros2_control_system_ws/install/dobot_msgs/share/dobot_msgs/environment/path.dsv
[0.666s] -- Up-to-date: /home/ssafy/magician_ros2_control_system_ws/install/dobot_msgs/share/dobot_msgs/local_setup.bash
[0.666s] -- Up-to-date: /home/ssafy/magician_ros2_control_system_ws/install/dobot_msgs/share/dobot_msgs/local_setup.sh
[0.666s] -- Up-to-date: /home/ssafy/magician_ros2_control_system_ws/install/dobot_msgs/share/dobot_msgs/local_setup.zsh
[0.666s] -- Up-to-date: /home/ssafy/magician_ros2_control_system_ws/install/dobot_msgs/share/dobot_msgs/local_setup.dsv
[0.666s] -- Installing: /home/ssafy/magician_ros2_control_system_ws/install/dobot_msgs/share/dobot_msgs/package.dsv
[0.667s] -- Up-to-date: /home/ssafy/magician_ros2_control_system_ws/install/dobot_msgs/share/ament_index/resource_index/packages/dobot_msgs
[0.667s] -- Up-to-date: /home/ssafy/magician_ros2_control_system_ws/install/dobot_msgs/share/dobot_msgs/cmake/export_dobot_msgs__rosidl_generator_cExport.cmake
[0.667s] -- Up-to-date: /home/ssafy/magician_ros2_control_system_ws/install/dobot_msgs/share/dobot_msgs/cmake/export_dobot_msgs__rosidl_generator_cExport-noconfig.cmake
[0.667s] -- Up-to-date: /home/ssafy/magician_ros2_control_system_ws/install/dobot_msgs/share/dobot_msgs/cmake/export_dobot_msgs__rosidl_typesupport_fastrtps_cExport.cmake
[0.667s] -- Up-to-date: /home/ssafy/magician_ros2_control_system_ws/install/dobot_msgs/share/dobot_msgs/cmake/export_dobot_msgs__rosidl_typesupport_fastrtps_cExport-noconfig.cmake
[0.667s] -- Up-to-date: /home/ssafy/magician_ros2_control_system_ws/install/dobot_msgs/share/dobot_msgs/cmake/dobot_msgs__rosidl_typesupport_introspection_cExport.cmake
[0.667s] -- Up-to-date: /home/ssafy/magician_ros2_control_system_ws/install/dobot_msgs/share/dobot_msgs/cmake/dobot_msgs__rosidl_typesupport_introspection_cExport-noconfig.cmake
[0.667s] -- Up-to-date: /home/ssafy/magician_ros2_control_system_ws/install/dobot_msgs/share/dobot_msgs/cmake/dobot_msgs__rosidl_typesupport_cExport.cmake
[0.667s] -- Up-to-date: /home/ssafy/magician_ros2_control_system_ws/install/dobot_msgs/share/dobot_msgs/cmake/dobot_msgs__rosidl_typesupport_cExport-noconfig.cmake
[0.667s] -- Up-to-date: /home/ssafy/magician_ros2_control_system_ws/install/dobot_msgs/share/dobot_msgs/cmake/export_dobot_msgs__rosidl_generator_cppExport.cmake
[0.667s] -- Up-to-date: /home/ssafy/magician_ros2_control_system_ws/install/dobot_msgs/share/dobot_msgs/cmake/export_dobot_msgs__rosidl_typesupport_fastrtps_cppExport.cmake
[0.668s] -- Up-to-date: /home/ssafy/magician_ros2_control_system_ws/install/dobot_msgs/share/dobot_msgs/cmake/export_dobot_msgs__rosidl_typesupport_fastrtps_cppExport-noconfig.cmake
[0.668s] -- Up-to-date: /home/ssafy/magician_ros2_control_system_ws/install/dobot_msgs/share/dobot_msgs/cmake/dobot_msgs__rosidl_typesupport_introspection_cppExport.cmake
[0.668s] -- Up-to-date: /home/ssafy/magician_ros2_control_system_ws/install/dobot_msgs/share/dobot_msgs/cmake/dobot_msgs__rosidl_typesupport_introspection_cppExport-noconfig.cmake
[0.668s] -- Up-to-date: /home/ssafy/magician_ros2_control_system_ws/install/dobot_msgs/share/dobot_msgs/cmake/dobot_msgs__rosidl_typesupport_cppExport.cmake
[0.668s] -- Up-to-date: /home/ssafy/magician_ros2_control_system_ws/install/dobot_msgs/share/dobot_msgs/cmake/dobot_msgs__rosidl_typesupport_cppExport-noconfig.cmake
[0.668s] -- Up-to-date: /home/ssafy/magician_ros2_control_system_ws/install/dobot_msgs/share/dobot_msgs/cmake/export_dobot_msgs__rosidl_generator_pyExport.cmake
[0.668s] -- Up-to-date: /home/ssafy/magician_ros2_control_system_ws/install/dobot_msgs/share/dobot_msgs/cmake/export_dobot_msgs__rosidl_generator_pyExport-noconfig.cmake
[0.668s] -- Up-to-date: /home/ssafy/magician_ros2_control_system_ws/install/dobot_msgs/share/dobot_msgs/cmake/rosidl_cmake-extras.cmake
[0.668s] -- Up-to-date: /home/ssafy/magician_ros2_control_system_ws/install/dobot_msgs/share/dobot_msgs/cmake/ament_cmake_export_dependencies-extras.cmake
[0.668s] -- Up-to-date: /home/ssafy/magician_ros2_control_system_ws/install/dobot_msgs/share/dobot_msgs/cmake/ament_cmake_export_include_directories-extras.cmake
[0.668s] -- Up-to-date: /home/ssafy/magician_ros2_control_system_ws/install/dobot_msgs/share/dobot_msgs/cmake/ament_cmake_export_libraries-extras.cmake
[0.668s] -- Up-to-date: /home/ssafy/magician_ros2_control_system_ws/install/dobot_msgs/share/dobot_msgs/cmake/ament_cmake_export_targets-extras.cmake
[0.668s] -- Up-to-date: /home/ssafy/magician_ros2_control_system_ws/install/dobot_msgs/share/dobot_msgs/cmake/rosidl_cmake_export_typesupport_targets-extras.cmake
[0.668s] -- Up-to-date: /home/ssafy/magician_ros2_control_system_ws/install/dobot_msgs/share/dobot_msgs/cmake/rosidl_cmake_export_typesupport_libraries-extras.cmake
[0.669s] -- Up-to-date: /home/ssafy/magician_ros2_control_system_ws/install/dobot_msgs/share/dobot_msgs/cmake/dobot_msgsConfig.cmake
[0.669s] -- Up-to-date: /home/ssafy/magician_ros2_control_system_ws/install/dobot_msgs/share/dobot_msgs/cmake/dobot_msgsConfig-version.cmake
[0.669s] -- Up-to-date: /home/ssafy/magician_ros2_control_system_ws/install/dobot_msgs/share/dobot_msgs/package.xml
[0.671s] Invoked command in '/home/ssafy/magician_ros2_control_system_ws/build/dobot_msgs' returned '0': CMAKE_PREFIX_PATH=${CMAKE_PREFIX_PATH}:/home/ssafy/magician_ros2_control_system_ws/install/dobot_visualization_tools:/home/ssafy/magician_ros2_control_system_ws/install/dobot_state_updater:/home/ssafy/magician_ros2_control_system_ws/install/dobot_motion:/home/ssafy/magician_ros2_control_system_ws/install/dobot_kinematics:/home/ssafy/magician_ros2_control_system_ws/install/dobot_homing:/home/ssafy/magician_ros2_control_system_ws/install/dobot_end_effector:/home/ssafy/magician_ros2_control_system_ws/install/dobot_diagnostics:/home/ssafy/magician_ros2_control_system_ws/install/dobot_demos:/home/ssafy/magician_ros2_control_system_ws/install/dobot_control_panel:/home/ssafy/magician_ros2_control_system_ws/install/dobot_bringup:/home/ssafy/to_ws/install/lecture:/opt/ros/humble /usr/bin/cmake --install /home/ssafy/magician_ros2_control_system_ws/build/dobot_msgs
