[0.719s] Invoking command in '/home/ssafy/magician_ros2_control_system_ws/src/dobot_visualization_tools': PYTHONPATH=/home/ssafy/magician_ros2_control_system_ws/build/dobot_visualization_tools/prefix_override:/usr/lib/python3/dist-packages/colcon_core/task/python/colcon_distutils_commands:/home/ssafy/magician_ros2_control_system_ws/install/dobot_visualization_tools/lib/python3.10/site-packages:${PYTHONPATH} /usr/bin/python3 -W ignore:setup.py install is deprecated -W ignore:easy_install command is deprecated setup.py egg_info --egg-base ../../build/dobot_visualization_tools build --build-base /home/ssafy/magician_ros2_control_system_ws/build/dobot_visualization_tools/build install --record /home/ssafy/magician_ros2_control_system_ws/build/dobot_visualization_tools/install.log --single-version-externally-managed install_data
[0.860s] running egg_info
[0.860s] creating ../../build/dobot_visualization_tools/dobot_visualization_tools.egg-info
[0.860s] writing ../../build/dobot_visualization_tools/dobot_visualization_tools.egg-info/PKG-INFO
[0.860s] writing dependency_links to ../../build/dobot_visualization_tools/dobot_visualization_tools.egg-info/dependency_links.txt
[0.860s] writing entry points to ../../build/dobot_visualization_tools/dobot_visualization_tools.egg-info/entry_points.txt
[0.860s] writing requirements to ../../build/dobot_visualization_tools/dobot_visualization_tools.egg-info/requires.txt
[0.861s] writing top-level names to ../../build/dobot_visualization_tools/dobot_visualization_tools.egg-info/top_level.txt
[0.861s] writing manifest file '../../build/dobot_visualization_tools/dobot_visualization_tools.egg-info/SOURCES.txt'
[0.862s] reading manifest file '../../build/dobot_visualization_tools/dobot_visualization_tools.egg-info/SOURCES.txt'
[0.862s] writing manifest file '../../build/dobot_visualization_tools/dobot_visualization_tools.egg-info/SOURCES.txt'
[0.862s] running build
[0.862s] running build_py
[0.862s] creating /home/ssafy/magician_ros2_control_system_ws/build/dobot_visualization_tools/build
[0.862s] creating /home/ssafy/magician_ros2_control_system_ws/build/dobot_visualization_tools/build/lib
[0.862s] creating /home/ssafy/magician_ros2_control_system_ws/build/dobot_visualization_tools/build/lib/dobot_visualization_tools
[0.862s] copying dobot_visualization_tools/camera_range.py -> /home/ssafy/magician_ros2_control_system_ws/build/dobot_visualization_tools/build/lib/dobot_visualization_tools
[0.862s] copying dobot_visualization_tools/int_marker.py -> /home/ssafy/magician_ros2_control_system_ws/build/dobot_visualization_tools/build/lib/dobot_visualization_tools
[0.862s] copying dobot_visualization_tools/dobot_range.py -> /home/ssafy/magician_ros2_control_system_ws/build/dobot_visualization_tools/build/lib/dobot_visualization_tools
[0.863s] copying dobot_visualization_tools/trajectory_markers.py -> /home/ssafy/magician_ros2_control_system_ws/build/dobot_visualization_tools/build/lib/dobot_visualization_tools
[0.863s] copying dobot_visualization_tools/__init__.py -> /home/ssafy/magician_ros2_control_system_ws/build/dobot_visualization_tools/build/lib/dobot_visualization_tools
[0.863s] running install
[0.863s] running install_lib
[0.863s] creating /home/ssafy/magician_ros2_control_system_ws/install/dobot_visualization_tools/lib/python3.10/site-packages/dobot_visualization_tools
[0.863s] copying /home/ssafy/magician_ros2_control_system_ws/build/dobot_visualization_tools/build/lib/dobot_visualization_tools/camera_range.py -> /home/ssafy/magician_ros2_control_system_ws/install/dobot_visualization_tools/lib/python3.10/site-packages/dobot_visualization_tools
[0.863s] copying /home/ssafy/magician_ros2_control_system_ws/build/dobot_visualization_tools/build/lib/dobot_visualization_tools/int_marker.py -> /home/ssafy/magician_ros2_control_system_ws/install/dobot_visualization_tools/lib/python3.10/site-packages/dobot_visualization_tools
[0.863s] copying /home/ssafy/magician_ros2_control_system_ws/build/dobot_visualization_tools/build/lib/dobot_visualization_tools/dobot_range.py -> /home/ssafy/magician_ros2_control_system_ws/install/dobot_visualization_tools/lib/python3.10/site-packages/dobot_visualization_tools
[0.863s] copying /home/ssafy/magician_ros2_control_system_ws/build/dobot_visualization_tools/build/lib/dobot_visualization_tools/trajectory_markers.py -> /home/ssafy/magician_ros2_control_system_ws/install/dobot_visualization_tools/lib/python3.10/site-packages/dobot_visualization_tools
[0.863s] copying /home/ssafy/magician_ros2_control_system_ws/build/dobot_visualization_tools/build/lib/dobot_visualization_tools/__init__.py -> /home/ssafy/magician_ros2_control_system_ws/install/dobot_visualization_tools/lib/python3.10/site-packages/dobot_visualization_tools
[0.863s] byte-compiling /home/ssafy/magician_ros2_control_system_ws/install/dobot_visualization_tools/lib/python3.10/site-packages/dobot_visualization_tools/camera_range.py to camera_range.cpython-310.pyc
[0.864s] byte-compiling /home/ssafy/magician_ros2_control_system_ws/install/dobot_visualization_tools/lib/python3.10/site-packages/dobot_visualization_tools/int_marker.py to int_marker.cpython-310.pyc
[0.865s] byte-compiling /home/ssafy/magician_ros2_control_system_ws/install/dobot_visualization_tools/lib/python3.10/site-packages/dobot_visualization_tools/dobot_range.py to dobot_range.cpython-310.pyc
[0.865s] byte-compiling /home/ssafy/magician_ros2_control_system_ws/install/dobot_visualization_tools/lib/python3.10/site-packages/dobot_visualization_tools/trajectory_markers.py to trajectory_markers.cpython-310.pyc
[0.866s] byte-compiling /home/ssafy/magician_ros2_control_system_ws/install/dobot_visualization_tools/lib/python3.10/site-packages/dobot_visualization_tools/__init__.py to __init__.cpython-310.pyc
[0.866s] running install_data
[0.866s] creating /home/ssafy/magician_ros2_control_system_ws/install/dobot_visualization_tools/share/ament_index
[0.866s] creating /home/ssafy/magician_ros2_control_system_ws/install/dobot_visualization_tools/share/ament_index/resource_index
[0.866s] creating /home/ssafy/magician_ros2_control_system_ws/install/dobot_visualization_tools/share/ament_index/resource_index/packages
[0.866s] copying resource/dobot_visualization_tools -> /home/ssafy/magician_ros2_control_system_ws/install/dobot_visualization_tools/share/ament_index/resource_index/packages
[0.866s] copying package.xml -> /home/ssafy/magician_ros2_control_system_ws/install/dobot_visualization_tools/share/dobot_visualization_tools
[0.866s] creating /home/ssafy/magician_ros2_control_system_ws/install/dobot_visualization_tools/share/dobot_visualization_tools/dae_models
[0.866s] copying dae_models/dobot_range.dae -> /home/ssafy/magician_ros2_control_system_ws/install/dobot_visualization_tools/share/dobot_visualization_tools/dae_models
[0.867s] copying dae_models/realsense_FOV.dae -> /home/ssafy/magician_ros2_control_system_ws/install/dobot_visualization_tools/share/dobot_visualization_tools/dae_models
[0.867s] running install_egg_info
[0.868s] Copying ../../build/dobot_visualization_tools/dobot_visualization_tools.egg-info to /home/ssafy/magician_ros2_control_system_ws/install/dobot_visualization_tools/lib/python3.10/site-packages/dobot_visualization_tools-1.0.0-py3.10.egg-info
[0.868s] running install_scripts
[0.882s] Installing int_marker script to /home/ssafy/magician_ros2_control_system_ws/install/dobot_visualization_tools/lib/dobot_visualization_tools
[0.882s] Installing show_camera_FOV script to /home/ssafy/magician_ros2_control_system_ws/install/dobot_visualization_tools/lib/dobot_visualization_tools
[0.882s] Installing show_dobot_range script to /home/ssafy/magician_ros2_control_system_ws/install/dobot_visualization_tools/lib/dobot_visualization_tools
[0.882s] Installing show_trajectory script to /home/ssafy/magician_ros2_control_system_ws/install/dobot_visualization_tools/lib/dobot_visualization_tools
[0.882s] writing list of installed files to '/home/ssafy/magician_ros2_control_system_ws/build/dobot_visualization_tools/install.log'
[0.905s] Invoked command in '/home/ssafy/magician_ros2_control_system_ws/src/dobot_visualization_tools' returned '0': PYTHONPATH=/home/ssafy/magician_ros2_control_system_ws/build/dobot_visualization_tools/prefix_override:/usr/lib/python3/dist-packages/colcon_core/task/python/colcon_distutils_commands:/home/ssafy/magician_ros2_control_system_ws/install/dobot_visualization_tools/lib/python3.10/site-packages:${PYTHONPATH} /usr/bin/python3 -W ignore:setup.py install is deprecated -W ignore:easy_install command is deprecated setup.py egg_info --egg-base ../../build/dobot_visualization_tools build --build-base /home/ssafy/magician_ros2_control_system_ws/build/dobot_visualization_tools/build install --record /home/ssafy/magician_ros2_control_system_ws/build/dobot_visualization_tools/install.log --single-version-externally-managed install_data
