[0.388s] Invoking command in '/home/ssafy/ml_ws/src/lecture': PYTHONPATH=/home/ssafy/ml_ws/build/lecture/prefix_override:/usr/lib/python3/dist-packages/colcon_core/task/python/colcon_distutils_commands:/home/ssafy/ml_ws/install/lecture/lib/python3.10/site-packages:${PYTHONPATH} /usr/bin/python3 -W ignore:setup.py install is deprecated -W ignore:easy_install command is deprecated setup.py egg_info --egg-base ../../build/lecture build --build-base /home/ssafy/ml_ws/build/lecture/build install --record /home/ssafy/ml_ws/build/lecture/install.log --single-version-externally-managed install_data
[0.543s] running egg_info
[0.543s] writing ../../build/lecture/lecture.egg-info/PKG-INFO
[0.543s] writing dependency_links to ../../build/lecture/lecture.egg-info/dependency_links.txt
[0.543s] writing entry points to ../../build/lecture/lecture.egg-info/entry_points.txt
[0.543s] writing requirements to ../../build/lecture/lecture.egg-info/requires.txt
[0.543s] writing top-level names to ../../build/lecture/lecture.egg-info/top_level.txt
[0.544s] reading manifest file '../../build/lecture/lecture.egg-info/SOURCES.txt'
[0.545s] writing manifest file '../../build/lecture/lecture.egg-info/SOURCES.txt'
[0.545s] running build
[0.545s] running build_py
[0.545s] copying lecture/face_recognizer_node.py -> /home/ssafy/ml_ws/build/lecture/build/lib/lecture
[0.545s] running install
[0.546s] running install_lib
[0.546s] copying /home/ssafy/ml_ws/build/lecture/build/lib/lecture/face_recognizer_node.py -> /home/ssafy/ml_ws/install/lecture/lib/python3.10/site-packages/lecture
[0.546s] byte-compiling /home/ssafy/ml_ws/install/lecture/lib/python3.10/site-packages/lecture/face_recognizer_node.py to face_recognizer_node.cpython-310.pyc
[0.547s] running install_data
[0.547s] running install_egg_info
[0.549s] removing '/home/ssafy/ml_ws/install/lecture/lib/python3.10/site-packages/lecture-0.0.0-py3.10.egg-info' (and everything under it)
[0.549s] Copying ../../build/lecture/lecture.egg-info to /home/ssafy/ml_ws/install/lecture/lib/python3.10/site-packages/lecture-0.0.0-py3.10.egg-info
[0.549s] running install_scripts
[0.563s] Installing face_recognizer_node script to /home/ssafy/ml_ws/install/lecture/lib/lecture
[0.563s] Installing qr_code_detection_node script to /home/ssafy/ml_ws/install/lecture/lib/lecture
[0.563s] Installing subscriber script to /home/ssafy/ml_ws/install/lecture/lib/lecture
[0.563s] writing list of installed files to '/home/ssafy/ml_ws/build/lecture/install.log'
[0.578s] Invoked command in '/home/ssafy/ml_ws/src/lecture' returned '0': PYTHONPATH=/home/ssafy/ml_ws/build/lecture/prefix_override:/usr/lib/python3/dist-packages/colcon_core/task/python/colcon_distutils_commands:/home/ssafy/ml_ws/install/lecture/lib/python3.10/site-packages:${PYTHONPATH} /usr/bin/python3 -W ignore:setup.py install is deprecated -W ignore:easy_install command is deprecated setup.py egg_info --egg-base ../../build/lecture build --build-base /home/ssafy/ml_ws/build/lecture/build install --record /home/ssafy/ml_ws/build/lecture/install.log --single-version-externally-managed install_data
