[0.364s] Invoking command in '/home/ssafy/magician_ros2_control_system_ws/build/dobot_driver': CMAKE_PREFIX_PATH=/home/ssafy/ml_ws/install/lecture:/opt/ros/humble /usr/bin/cmake --build /home/ssafy/magician_ros2_control_system_ws/build/dobot_driver -- -j20 -l20
[0.411s] Built target ament_cmake_python_copy_dobot_driver
[0.576s] running egg_info
[0.576s] writing dobot_driver.egg-info/PKG-INFO
[0.576s] writing dependency_links to dobot_driver.egg-info/dependency_links.txt
[0.576s] writing top-level names to dobot_driver.egg-info/top_level.txt
[0.580s] reading manifest file 'dobot_driver.egg-info/SOURCES.txt'
[0.580s] writing manifest file 'dobot_driver.egg-info/SOURCES.txt'
[0.597s] Built target ament_cmake_python_build_dobot_driver_egg
[1.618s] Invoked command in '/home/ssafy/magician_ros2_control_system_ws/build/dobot_driver' returned '0': CMAKE_PREFIX_PATH=/home/ssafy/ml_ws/install/lecture:/opt/ros/humble /usr/bin/cmake --build /home/ssafy/magician_ros2_control_system_ws/build/dobot_driver -- -j20 -l20
[1.619s] Invoking command in '/home/ssafy/magician_ros2_control_system_ws/build/dobot_driver': CMAKE_PREFIX_PATH=/home/ssafy/ml_ws/install/lecture:/opt/ros/humble /usr/bin/cmake --install /home/ssafy/magician_ros2_control_system_ws/build/dobot_driver
[1.628s] -- Install configuration: ""
[1.628s] -- Up-to-date: /home/ssafy/magician_ros2_control_system_ws/install/dobot_driver/share/dobot_driver/environment/pythonpath.sh
[1.628s] -- Up-to-date: /home/ssafy/magician_ros2_control_system_ws/install/dobot_driver/share/dobot_driver/environment/pythonpath.dsv
[1.628s] -- Up-to-date: /home/ssafy/magician_ros2_control_system_ws/install/dobot_driver/local/lib/python3.10/dist-packages/dobot_driver-1.0.0-py3.10.egg-info
[1.628s] -- Installing: /home/ssafy/magician_ros2_control_system_ws/install/dobot_driver/local/lib/python3.10/dist-packages/dobot_driver-1.0.0-py3.10.egg-info/dependency_links.txt
[1.628s] -- Installing: /home/ssafy/magician_ros2_control_system_ws/install/dobot_driver/local/lib/python3.10/dist-packages/dobot_driver-1.0.0-py3.10.egg-info/SOURCES.txt
[1.628s] -- Installing: /home/ssafy/magician_ros2_control_system_ws/install/dobot_driver/local/lib/python3.10/dist-packages/dobot_driver-1.0.0-py3.10.egg-info/PKG-INFO
[1.628s] -- Installing: /home/ssafy/magician_ros2_control_system_ws/install/dobot_driver/local/lib/python3.10/dist-packages/dobot_driver-1.0.0-py3.10.egg-info/top_level.txt
[1.628s] -- Up-to-date: /home/ssafy/magician_ros2_control_system_ws/install/dobot_driver/local/lib/python3.10/dist-packages/dobot_driver
[1.628s] -- Up-to-date: /home/ssafy/magician_ros2_control_system_ws/install/dobot_driver/local/lib/python3.10/dist-packages/dobot_driver/dobot_handle.py
[1.628s] -- Up-to-date: /home/ssafy/magician_ros2_control_system_ws/install/dobot_driver/local/lib/python3.10/dist-packages/dobot_driver/interface.py
[1.628s] -- Up-to-date: /home/ssafy/magician_ros2_control_system_ws/install/dobot_driver/local/lib/python3.10/dist-packages/dobot_driver/message.py
[1.628s] -- Up-to-date: /home/ssafy/magician_ros2_control_system_ws/install/dobot_driver/local/lib/python3.10/dist-packages/dobot_driver/__init__.py
[1.628s] -- Up-to-date: /home/ssafy/magician_ros2_control_system_ws/install/dobot_driver/local/lib/python3.10/dist-packages/dobot_driver/parsers.py
[1.652s] Listing '/home/ssafy/magician_ros2_control_system_ws/install/dobot_driver/local/lib/python3.10/dist-packages/dobot_driver'...
[1.655s] -- Up-to-date: /home/ssafy/magician_ros2_control_system_ws/install/dobot_driver/share/ament_index/resource_index/package_run_dependencies/dobot_driver
[1.655s] -- Up-to-date: /home/ssafy/magician_ros2_control_system_ws/install/dobot_driver/share/ament_index/resource_index/parent_prefix_path/dobot_driver
[1.655s] -- Up-to-date: /home/ssafy/magician_ros2_control_system_ws/install/dobot_driver/share/dobot_driver/environment/ament_prefix_path.sh
[1.655s] -- Up-to-date: /home/ssafy/magician_ros2_control_system_ws/install/dobot_driver/share/dobot_driver/environment/ament_prefix_path.dsv
[1.656s] -- Up-to-date: /home/ssafy/magician_ros2_control_system_ws/install/dobot_driver/share/dobot_driver/environment/path.sh
[1.656s] -- Up-to-date: /home/ssafy/magician_ros2_control_system_ws/install/dobot_driver/share/dobot_driver/environment/path.dsv
[1.656s] -- Up-to-date: /home/ssafy/magician_ros2_control_system_ws/install/dobot_driver/share/dobot_driver/local_setup.bash
[1.656s] -- Up-to-date: /home/ssafy/magician_ros2_control_system_ws/install/dobot_driver/share/dobot_driver/local_setup.sh
[1.656s] -- Up-to-date: /home/ssafy/magician_ros2_control_system_ws/install/dobot_driver/share/dobot_driver/local_setup.zsh
[1.656s] -- Up-to-date: /home/ssafy/magician_ros2_control_system_ws/install/dobot_driver/share/dobot_driver/local_setup.dsv
[1.656s] -- Installing: /home/ssafy/magician_ros2_control_system_ws/install/dobot_driver/share/dobot_driver/package.dsv
[1.656s] -- Up-to-date: /home/ssafy/magician_ros2_control_system_ws/install/dobot_driver/share/ament_index/resource_index/packages/dobot_driver
[1.656s] -- Up-to-date: /home/ssafy/magician_ros2_control_system_ws/install/dobot_driver/share/dobot_driver/cmake/dobot_driverConfig.cmake
[1.656s] -- Up-to-date: /home/ssafy/magician_ros2_control_system_ws/install/dobot_driver/share/dobot_driver/cmake/dobot_driverConfig-version.cmake
[1.657s] -- Up-to-date: /home/ssafy/magician_ros2_control_system_ws/install/dobot_driver/share/dobot_driver/package.xml
[1.803s] Invoked command in '/home/ssafy/magician_ros2_control_system_ws/build/dobot_driver' returned '0': CMAKE_PREFIX_PATH=/home/ssafy/ml_ws/install/lecture:/opt/ros/humble /usr/bin/cmake --install /home/ssafy/magician_ros2_control_system_ws/build/dobot_driver
