/home/ssafy/ml_ws/install/lecture/lib/python3.10/site-packages/lecture/qr_code_detection_node.py
/home/ssafy/ml_ws/install/lecture/lib/python3.10/site-packages/lecture/prac_3921.py
/home/ssafy/ml_ws/install/lecture/lib/python3.10/site-packages/lecture/__init__.py
/home/ssafy/ml_ws/install/lecture/lib/python3.10/site-packages/lecture/knn.py
/home/ssafy/ml_ws/install/lecture/lib/python3.10/site-packages/lecture/subscribe.py
/home/ssafy/ml_ws/install/lecture/lib/python3.10/site-packages/lecture/face_recognizer_node.py
/home/ssafy/ml_ws/install/lecture/lib/python3.10/site-packages/lecture/__pycache__/qr_code_detection_node.cpython-310.pyc
/home/ssafy/ml_ws/install/lecture/lib/python3.10/site-packages/lecture/__pycache__/prac_3921.cpython-310.pyc
/home/ssafy/ml_ws/install/lecture/lib/python3.10/site-packages/lecture/__pycache__/__init__.cpython-310.pyc
/home/ssafy/ml_ws/install/lecture/lib/python3.10/site-packages/lecture/__pycache__/knn.cpython-310.pyc
/home/ssafy/ml_ws/install/lecture/lib/python3.10/site-packages/lecture/__pycache__/subscribe.cpython-310.pyc
/home/ssafy/ml_ws/install/lecture/lib/python3.10/site-packages/lecture/__pycache__/face_recognizer_node.cpython-310.pyc
/home/ssafy/ml_ws/install/lecture/share/ament_index/resource_index/packages/lecture
/home/ssafy/ml_ws/install/lecture/share/lecture/package.xml
/home/ssafy/ml_ws/install/lecture/share/lecture/launch/prac_3907.launch.py
/home/ssafy/ml_ws/install/lecture/lib/python3.10/site-packages/lecture-0.0.0-py3.10.egg-info/entry_points.txt
/home/ssafy/ml_ws/install/lecture/lib/python3.10/site-packages/lecture-0.0.0-py3.10.egg-info/requires.txt
/home/ssafy/ml_ws/install/lecture/lib/python3.10/site-packages/lecture-0.0.0-py3.10.egg-info/PKG-INFO
/home/ssafy/ml_ws/install/lecture/lib/python3.10/site-packages/lecture-0.0.0-py3.10.egg-info/top_level.txt
/home/ssafy/ml_ws/install/lecture/lib/python3.10/site-packages/lecture-0.0.0-py3.10.egg-info/zip-safe
/home/ssafy/ml_ws/install/lecture/lib/python3.10/site-packages/lecture-0.0.0-py3.10.egg-info/SOURCES.txt
/home/ssafy/ml_ws/install/lecture/lib/python3.10/site-packages/lecture-0.0.0-py3.10.egg-info/dependency_links.txt
/home/ssafy/ml_ws/install/lecture/lib/lecture/face_recognizer_node
/home/ssafy/ml_ws/install/lecture/lib/lecture/qr_code_detection_node
/home/ssafy/ml_ws/install/lecture/lib/lecture/subscriber
